#
# There is insufficient memory for the Java Runtime Environment to continue.
# Native memory allocation (mmap) failed to map 260046848 bytes for G1 virtual space
# Possible reasons:
#   The system is out of physical RAM or swap space
#   The process is running with CompressedOops enabled, and the Java Heap may be blocking the growth of the native heap
# Possible solutions:
#   Reduce memory load on the system
#   Increase physical memory or swap space
#   Check if swap backing store is full
#   Decrease Java heap size (-Xmx/-Xms)
#   Decrease number of Java threads
#   Decrease Java thread stack sizes (-Xss)
#   Set larger code cache with -XX:ReservedCodeCacheSize=
#   JVM is running with Zero Based Compressed Oops mode in which the Java heap is
#     placed in the first 32GB address space. The Java Heap base address is the
#     maximum limit for the native heap growth. Please use -XX:HeapBaseMinAddress
#     to set the Java Heap base and to place the Java Heap above 32GB virtual address.
# This output file may be truncated or incomplete.
#
#  Out of Memory Error (./open/src/hotspot/os/windows/os_windows.cpp:3321), pid=29916, tid=33888
#
# JRE version:  (15.0.2+7) (build )
# Java VM: OpenJDK 64-Bit Server VM (15.0.2+7-27, mixed mode, sharing, tiered, compressed oops, g1 gc, windows-amd64)
# No core dump will be written. Minidumps are not enabled by default on client versions of Windows
#

---------------  S U M M A R Y ------------

Command Line: -Dfile.encoding=Cp1252 -XX:+ShowCodeDetailsInExceptionMessages codigo.Main

Host: AMD Ryzen 3 PRO 4350G with Radeon Graphics, 8 cores, 15G,  Windows 10 , 64 bit Build 19041 (10.0.19041.1466)
Time: Fri Jan 21 20:22:24 2022 Hora estándar de Argentina elapsed time: 0.017777 seconds (0d 0h 0m 0s)

---------------  T H R E A D  ---------------

Current thread (0x000001da35f406c0):  JavaThread "Unknown thread" [_thread_in_vm, id=33888, stack(0x0000007bdde00000,0x0000007bddf00000)]

Stack: [0x0000007bdde00000,0x0000007bddf00000]
Native frames: (J=compiled Java code, j=interpreted, Vv=VM code, C=native code)
V  [jvm.dll+0x62ae9a]
V  [jvm.dll+0x7817a9]
V  [jvm.dll+0x782f03]
V  [jvm.dll+0x783563]
V  [jvm.dll+0x216325]
V  [jvm.dll+0x6281d9]
V  [jvm.dll+0x61cf55]
V  [jvm.dll+0x2cffdd]
V  [jvm.dll+0x2cfe42]
V  [jvm.dll+0x2d5e1c]
V  [jvm.dll+0x32590a]
V  [jvm.dll+0x324fd4]
V  [jvm.dll+0x2a6f5a]
V  [jvm.dll+0x2a80f8]
V  [jvm.dll+0x75e241]
V  [jvm.dll+0x3341c4]
V  [jvm.dll+0x73e926]
V  [jvm.dll+0x3b7557]
V  [jvm.dll+0x3b8fe1]
C  [jli.dll+0x52fb]
C  [ucrtbase.dll+0x21bb2]
C  [KERNEL32.DLL+0x17034]
C  [ntdll.dll+0x52651]


---------------  P R O C E S S  ---------------

Threads class SMR info:
_java_thread_list=0x00007fff743b4ff0, length=0, elements={
}

Java Threads: ( => current thread )

Other Threads:
  0x000001da35f925d0 GCTaskThread "GC Thread#0" [stack: 0x0000007bddf00000,0x0000007bde000000] [id=30424]
  0x000001da35fa36d0 ConcurrentGCThread "G1 Main Marker" [stack: 0x0000007bde000000,0x0000007bde100000] [id=29708]
  0x000001da35fa4340 ConcurrentGCThread "G1 Conc#0" [stack: 0x0000007bde100000,0x0000007bde200000] [id=11188]

[error occurred during error reporting (printing all threads), id 0xc0000005, EXCEPTION_ACCESS_VIOLATION (0xc0000005) at pc=0x00007fff73ba7e27]

VM state: not at safepoint (not fully initialized)

VM Mutex/Monitor currently owned by a thread:  ([mutex/lock_event])
[0x000001da35f3c8e0] Heap_lock - owner thread: 0x000001da35f406c0

Heap address: 0x0000000709600000, size: 3946 MB, Compressed Oops mode: Zero based, Oop shift amount: 3
CDS archive(s) mapped at: [0x0000000000000000-0x0000000000000000-0x0000000000000000), size 0, SharedBaseAddress: 0x0000000800000000, ArchiveRelocationMode: 0.
Narrow klass base: 0x0000000000000000, Narrow klass shift: 0, Narrow klass range: 0x0

Heap:
 garbage-first heap   total 253952K, used 0K [0x0000000709600000, 0x0000000800000000)
  region size 2048K, 0 young (0K), 0 survivors (0K)
 Metaspace       used 0K, capacity 0K, committed 0K, reserved 0K
  class space    used 0K, capacity 0K, committed 0K, reserved 0K

Heap Regions: E=young(eden), S=young(survivor), O=old, HS=humongous(starts), HC=humongous(continues), CS=collection set, F=free, OA=open archive, CA=closed archive, TAMS=top-at-mark-start (previous, next)

Card table byte_map: [0x000001da49450000,0x000001da49c10000] _byte_map_base: 0x000001da45c05000

Marking Bits (Prev, Next): (CMBitMap*) 0x000001da35f92e40, (CMBitMap*) 0x000001da35f92e80
 Prev Bits: [0x000001da4a3d0000, 0x000001da4e178000)
 Next Bits: [0x000001da4e180000, 0x000001da51f28000)

GC Heap History (0 events):
No events

Deoptimization events (0 events):
No events

Classes unloaded (0 events):
No events

Classes redefined (0 events):
No events

Internal exceptions (0 events):
No events

Events (1 events):
Event: 0.014 Loaded shared library C:\Users\Administrador\.p2\pool\plugins\org.eclipse.justj.openjdk.hotspot.jre.full.win32.x86_64_15.0.2.v20210201-0955\jre\bin\java.dll


Dynamic libraries:
0x00007ff72b690000 - 0x00007ff72b69d000 	C:\Users\Administrador\.p2\pool\plugins\org.eclipse.justj.openjdk.hotspot.jre.full.win32.x86_64_15.0.2.v20210201-0955\jre\bin\javaw.exe
0x00007fffac1d0000 - 0x00007fffac3c5000 	C:\Windows\SYSTEM32\ntdll.dll
0x00007fffabc10000 - 0x00007fffabcce000 	C:\Windows\System32\KERNEL32.DLL
0x00007fffa9a60000 - 0x00007fffa9d28000 	C:\Windows\System32\KERNELBASE.dll
0x00007fffa5580000 - 0x00007fffa5598000 	C:\Users\Administrador\.p2\pool\plugins\org.eclipse.justj.openjdk.hotspot.jre.full.win32.x86_64_15.0.2.v20210201-0955\jre\bin\jli.dll
0x00007fffa9d30000 - 0x00007fffa9e30000 	C:\Windows\System32\ucrtbase.dll
0x00007fffa0ab0000 - 0x00007fffa0ac9000 	C:\Users\Administrador\.p2\pool\plugins\org.eclipse.justj.openjdk.hotspot.jre.full.win32.x86_64_15.0.2.v20210201-0955\jre\bin\VCRUNTIME140.dll
0x00007fffaa9b0000 - 0x00007fffaab51000 	C:\Windows\System32\USER32.dll
0x00007fff91bb0000 - 0x00007fff91e4a000 	C:\Windows\WinSxS\amd64_microsoft.windows.common-controls_6595b64144ccf1df_6.0.19041.1110_none_60b5254171f9507e\COMCTL32.dll
0x00007fffa9e90000 - 0x00007fffa9eb2000 	C:\Windows\System32\win32u.dll
0x00007fffaac30000 - 0x00007fffaacce000 	C:\Windows\System32\msvcrt.dll
0x00007fffaa8d0000 - 0x00007fffaa8fb000 	C:\Windows\System32\GDI32.dll
0x00007fffaa0b0000 - 0x00007fffaa1bd000 	C:\Windows\System32\gdi32full.dll
0x00007fffa99c0000 - 0x00007fffa9a5d000 	C:\Windows\System32\msvcp_win.dll
0x00007fffaa8a0000 - 0x00007fffaa8d0000 	C:\Windows\System32\IMM32.DLL
0x00007fffa55f0000 - 0x00007fffa55fc000 	C:\Users\Administrador\.p2\pool\plugins\org.eclipse.justj.openjdk.hotspot.jre.full.win32.x86_64_15.0.2.v20210201-0955\jre\bin\vcruntime140_1.dll
0x00007fff97d80000 - 0x00007fff97e11000 	C:\Users\Administrador\.p2\pool\plugins\org.eclipse.justj.openjdk.hotspot.jre.full.win32.x86_64_15.0.2.v20210201-0955\jre\bin\msvcp140.dll
0x00007fff738f0000 - 0x00007fff7444e000 	C:\Users\Administrador\.p2\pool\plugins\org.eclipse.justj.openjdk.hotspot.jre.full.win32.x86_64_15.0.2.v20210201-0955\jre\bin\server\jvm.dll
0x00007fffabe70000 - 0x00007fffabf1e000 	C:\Windows\System32\ADVAPI32.dll
0x00007fffaa780000 - 0x00007fffaa81c000 	C:\Windows\System32\sechost.dll
0x00007fffabae0000 - 0x00007fffabc05000 	C:\Windows\System32\RPCRT4.dll
0x00007fffac060000 - 0x00007fffac068000 	C:\Windows\System32\PSAPI.DLL
0x00007fffa1110000 - 0x00007fffa1137000 	C:\Windows\SYSTEM32\WINMM.dll
0x00007fff6f300000 - 0x00007fff6f309000 	C:\Windows\SYSTEM32\WSOCK32.dll
0x00007fffa1140000 - 0x00007fffa114a000 	C:\Windows\SYSTEM32\VERSION.dll
0x00007fffaacd0000 - 0x00007fffaad3b000 	C:\Windows\System32\WS2_32.dll
0x00007fffa77f0000 - 0x00007fffa7802000 	C:\Windows\SYSTEM32\kernel.appcore.dll
0x00007fffa0aa0000 - 0x00007fffa0aaa000 	C:\Users\Administrador\.p2\pool\plugins\org.eclipse.justj.openjdk.hotspot.jre.full.win32.x86_64_15.0.2.v20210201-0955\jre\bin\jimage.dll
0x00007fffa1270000 - 0x00007fffa1454000 	C:\Windows\SYSTEM32\DBGHELP.DLL
0x00007fffa1240000 - 0x00007fffa126c000 	C:\Windows\SYSTEM32\dbgcore.DLL
0x00007fffaa020000 - 0x00007fffaa0a2000 	C:\Windows\System32\bcryptPrimitives.dll
0x00007fffa0a70000 - 0x00007fffa0a95000 	C:\Users\Administrador\.p2\pool\plugins\org.eclipse.justj.openjdk.hotspot.jre.full.win32.x86_64_15.0.2.v20210201-0955\jre\bin\java.dll

dbghelp: loaded successfully - version: 4.0.5 - missing functions: none
symbol engine: initialized successfully - sym options: 0x614 - pdb path: .;C:\Users\Administrador\.p2\pool\plugins\org.eclipse.justj.openjdk.hotspot.jre.full.win32.x86_64_15.0.2.v20210201-0955\jre\bin;C:\Windows\SYSTEM32;C:\Windows\WinSxS\amd64_microsoft.windows.common-controls_6595b64144ccf1df_6.0.19041.1110_none_60b5254171f9507e;C:\Users\Administrador\.p2\pool\plugins\org.eclipse.justj.openjdk.hotspot.jre.full.win32.x86_64_15.0.2.v20210201-0955\jre\bin\server

VM Arguments:
jvm_args: -Dfile.encoding=Cp1252 -XX:+ShowCodeDetailsInExceptionMessages 
java_command: codigo.Main
java_class_path (initial): C:\Users\Administrador\Desktop\TpFinal 2021\bin;C:\Users\Administrador\.p2\pool\plugins\org.junit.jupiter.api_5.7.1.v20210222-1948.jar;C:\Users\Administrador\.p2\pool\plugins\org.junit.jupiter.engine_5.7.1.v20210222-1948.jar;C:\Users\Administrador\.p2\pool\plugins\org.junit.jupiter.migrationsupport_5.7.1.v20210222-1948.jar;C:\Users\Administrador\.p2\pool\plugins\org.junit.jupiter.params_5.7.1.v20210222-1948.jar;C:\Users\Administrador\.p2\pool\plugins\org.junit.platform.commons_1.7.1.v20210222-1948.jar;C:\Users\Administrador\.p2\pool\plugins\org.junit.platform.engine_1.7.1.v20210222-1948.jar;C:\Users\Administrador\.p2\pool\plugins\org.junit.platform.launcher_1.7.1.v20210222-1948.jar;C:\Users\Administrador\.p2\pool\plugins\org.junit.platform.runner_1.7.1.v20210222-1948.jar;C:\Users\Administrador\.p2\pool\plugins\org.junit.platform.suite.api_1.7.1.v20210222-1948.jar;C:\Users\Administrador\.p2\pool\plugins\org.junit.vintage.engine_5.7.1.v20210222-1948.jar;C:\Users\Administrador\.p2\pool\plugins\org.opentest4j_1.2.0.v20190826-0900.jar;C:\Users\Administrador\.p2\pool\plugins\org.apiguardian_1.1.0.v20190826-0900.jar;C:\Users\Administrador\.p2\pool\plugins\org.junit_4.13.0.v20200204-1500.jar;C:\Users\Administrador\.p2\pool\plugins\org.hamcrest.core_1.3.0.v20180420-1519.jar
Launcher Type: SUN_STANDARD

[Global flags]
     intx CICompilerCount                          = 4                                         {product} {ergonomic}
     uint ConcGCThreads                            = 2                                         {product} {ergonomic}
     uint G1ConcRefinementThreads                  = 8                                         {product} {ergonomic}
   size_t G1HeapRegionSize                         = 2097152                                   {product} {ergonomic}
    uintx GCDrainStackTargetSize                   = 64                                        {product} {ergonomic}
   size_t InitialHeapSize                          = 260046848                                 {product} {ergonomic}
   size_t MarkStackSize                            = 4194304                                   {product} {ergonomic}
   size_t MaxHeapSize                              = 4137680896                                {product} {ergonomic}
   size_t MinHeapDeltaBytes                        = 2097152                                   {product} {ergonomic}
   size_t MinHeapSize                              = 8388608                                   {product} {ergonomic}
    uintx NonNMethodCodeHeapSize                   = 5839372                                {pd product} {ergonomic}
    uintx NonProfiledCodeHeapSize                  = 122909434                              {pd product} {ergonomic}
    uintx ProfiledCodeHeapSize                     = 122909434                              {pd product} {ergonomic}
    uintx ReservedCodeCacheSize                    = 251658240                              {pd product} {ergonomic}
     bool SegmentedCodeCache                       = true                                      {product} {ergonomic}
     bool ShowCodeDetailsInExceptionMessages       = true                                   {manageable} {command line}
   size_t SoftMaxHeapSize                          = 4137680896                             {manageable} {ergonomic}
     bool UseCompressedClassPointers               = true                                 {lp64_product} {ergonomic}
     bool UseCompressedOops                        = true                                 {lp64_product} {ergonomic}
     bool UseG1GC                                  = true                                      {product} {ergonomic}
     bool UseLargePagesIndividualAllocation        = false                                  {pd product} {ergonomic}

Logging:
Log output configuration:
 #0: stdout all=warning uptime,level,tags
 #1: stderr all=off uptime,level,tags

Environment Variables:
JAVA_HOME=C:\Program Files\Java\jdk-11.0.12
PATH=C:/Program Files/Java/jdk-11.0.12/bin/server;C:/Program Files/Java/jdk-11.0.12/bin;C:\Program Files\Common Files\Oracle\Java\javapath;C:\Program Files (x86)\VMware\VMware Workstation\bin\;C:\Program Files (x86)\Common Files\Oracle\Java\javapath;C:\Python39\Scripts\;C:\Python39\;C:\Windows\system32;C:\Windows;C:\Windows\System32\Wbem;C:\Windows\System32\WindowsPowerShell\v1.0\;C:\Windows\System32\OpenSSH\;C:\Program Files\nodejs\;C:\ProgramData\chocolatey\bin;C:\Program Files\Git\cmd;C:\Program Files\apache-maven-3.8.1\bin;C:\Program Files\Java\jdk-11.0.12\bin;C:\Program Files\Java\jdk-16.0.1\bin;C:\Program Files\dotnet\;C:\Program Files\Microsoft SQL Server\130\Tools\Binn\;C:\Users\Administrador\AppData\Local\Programs\Python\Python38\Scripts\;C:\Users\Administrador\AppData\Local\Programs\Python\Python38\;C:\Users\Administrador\AppData\Local\Microsoft\WindowsApps;C:\Users\Administrador\AppData\Local\Programs\Microsoft VS Code\bin;C:\Users\Administrador\AppData\Roaming\npm;C:\Users\Administrador\.dotnet\tools;;C:\Windows\system32;
USERNAME=Administrador
OS=Windows_NT
PROCESSOR_IDENTIFIER=AMD64 Family 23 Model 96 Stepping 1, AuthenticAMD



---------------  S Y S T E M  ---------------

OS:
 Windows 10 , 64 bit Build 19041 (10.0.19041.1466)
OS uptime: 0 days 4:01 hours

CPU: total 8 (initial active 8) (8 cores per cpu, 2 threads per core) family 23 model 96 stepping 1 microcode 0x0, cmov, cx8, fxsr, mmx, sse, sse2, sse3, ssse3, sse4.1, sse4.2, popcnt, vzeroupper, avx, avx2, aes, clmul, 3dnowpref, lzcnt, sse4a, ht, tsc, tscinvbit, tscinv, bmi1, bmi2, adx, sha, fma, clflush, clflushopt

Memory: 4k page, system-wide physical 15779M (2149M free)
TotalPageFile size 64858M (AvailPageFile size 99M)
current process WorkingSet (physical memory assigned to process): 10M, peak: 10M
current process commit charge ("private bytes"): 60M, peak: 308M

vm_info: OpenJDK 64-Bit Server VM (15.0.2+7-27) for windows-amd64 JRE (15.0.2+7-27), built on Dec  7 2020 20:02:38 by "mach5one" with unknown MS VC++:1925

END.
