#
# There is insufficient memory for the Java Runtime Environment to continue.
# Native memory allocation (malloc) failed to allocate 32744 bytes for ChunkPool::allocate
# Possible reasons:
#   The system is out of physical RAM or swap space
#   The process is running with CompressedOops enabled, and the Java Heap may be blocking the growth of the native heap
# Possible solutions:
#   Reduce memory load on the system
#   Increase physical memory or swap space
#   Check if swap backing store is full
#   Decrease Java heap size (-Xmx/-Xms)
#   Decrease number of Java threads
#   Decrease Java thread stack sizes (-Xss)
#   Set larger code cache with -XX:ReservedCodeCacheSize=
#   JVM is running with Zero Based Compressed Oops mode in which the Java heap is
#     placed in the first 32GB address space. The Java Heap base address is the
#     maximum limit for the native heap growth. Please use -XX:HeapBaseMinAddress
#     to set the Java Heap base and to place the Java Heap above 32GB virtual address.
# This output file may be truncated or incomplete.
#
#  Out of Memory Error (./open/src/hotspot/share/memory/arena.cpp:79), pid=14568, tid=35256
#
# JRE version: OpenJDK Runtime Environment (15.0.2+7) (build 15.0.2+7-27)
# Java VM: OpenJDK 64-Bit Server VM (15.0.2+7-27, mixed mode, tiered, compressed oops, g1 gc, windows-amd64)
# No core dump will be written. Minidumps are not enabled by default on client versions of Windows
#

---------------  S U M M A R Y ------------

Command Line: -XX:+ShowCodeDetailsInExceptionMessages -agentlib:jdwp=transport=dt_socket,suspend=y,address=localhost:63429 -javaagent:C:\Users\Administrador\eclipse\java-2021-06\eclipse\configuration\org.eclipse.osgi\222\0\.cp\lib\javaagent-shaded.jar -Dfile.encoding=Cp1252 codigo.Main

Host: AMD Ryzen 3 PRO 4350G with Radeon Graphics, 8 cores, 15G,  Windows 10 , 64 bit Build 19041 (10.0.19041.1806)
Time: Mon Aug  8 18:07:35 2022 Hora estándar de Argentina elapsed time: 1.335768 seconds (0d 0h 0m 1s)

---------------  T H R E A D  ---------------

Current thread (0x000002073eaf3f40):  JavaThread "C2 CompilerThread0" daemon [_thread_in_native, id=35256, stack(0x000000bb4a400000,0x000000bb4a500000)]


Current CompileTask:
C2:   1335  682       4       codigo.RDP::sensibilizarVectorB (127 bytes)

Stack: [0x000000bb4a400000,0x000000bb4a500000]
Native frames: (J=compiled Java code, j=interpreted, Vv=VM code, C=native code)
V  [jvm.dll+0x62ae9a]
V  [jvm.dll+0x7817a9]
V  [jvm.dll+0x782f03]
V  [jvm.dll+0x783563]
V  [jvm.dll+0x216325]
V  [jvm.dll+0x982cf]
V  [jvm.dll+0x980ad]
V  [jvm.dll+0x609d14]
V  [jvm.dll+0x6552ea]
V  [jvm.dll+0x18e47d]
V  [jvm.dll+0x1ea822]
V  [jvm.dll+0x1e996e]
V  [jvm.dll+0x178567]
V  [jvm.dll+0x1f9225]
V  [jvm.dll+0x1f72cc]
V  [jvm.dll+0x74495d]
V  [jvm.dll+0x73d75a]
V  [jvm.dll+0x629c56]
C  [ucrtbase.dll+0x21bb2]
C  [KERNEL32.DLL+0x17034]
C  [ntdll.dll+0x52651]


---------------  P R O C E S S  ---------------

Threads class SMR info:
_java_thread_list=0x000002073f2456e0, length=21, elements={
0x000002071f7d75b0, 0x000002073eac6020, 0x000002073eac69d0, 0x000002073eae40a0,
0x000002073eae8a70, 0x000002073eaeae40, 0x000002073eaf3f40, 0x000002073eaf7ee0,
0x000002073eb0c0b0, 0x000002073ec3a5d0, 0x000002073ee4e780, 0x000002073eda9210,
0x000002073ed4da60, 0x000002073f1167d0, 0x000002073f15f4b0, 0x000002073f15f980,
0x000002073f15fe50, 0x000002073f160320, 0x000002073f2a0050, 0x000002073f244e60,
0x000002073f245f50
}

Java Threads: ( => current thread )
  0x000002071f7d75b0 JavaThread "main" [_thread_blocked, id=36844, stack(0x000000bb49800000,0x000000bb49900000)]
  0x000002073eac6020 JavaThread "Reference Handler" daemon [_thread_blocked, id=35216, stack(0x000000bb49f00000,0x000000bb4a000000)]
  0x000002073eac69d0 JavaThread "Finalizer" daemon [_thread_blocked, id=33960, stack(0x000000bb4a000000,0x000000bb4a100000)]
  0x000002073eae40a0 JavaThread "Signal Dispatcher" daemon [_thread_blocked, id=26032, stack(0x000000bb4a100000,0x000000bb4a200000)]
  0x000002073eae8a70 JavaThread "Attach Listener" daemon [_thread_blocked, id=35220, stack(0x000000bb4a200000,0x000000bb4a300000)]
  0x000002073eaeae40 JavaThread "Service Thread" daemon [_thread_blocked, id=31960, stack(0x000000bb4a300000,0x000000bb4a400000)]
=>0x000002073eaf3f40 JavaThread "C2 CompilerThread0" daemon [_thread_in_native, id=35256, stack(0x000000bb4a400000,0x000000bb4a500000)]
  0x000002073eaf7ee0 JavaThread "C1 CompilerThread0" daemon [_thread_in_native, id=33656, stack(0x000000bb4a500000,0x000000bb4a600000)]
  0x000002073eb0c0b0 JavaThread "Sweeper thread" daemon [_thread_blocked, id=35240, stack(0x000000bb4a600000,0x000000bb4a700000)]
  0x000002073ec3a5d0 JavaThread "Common-Cleaner" daemon [_thread_blocked, id=34316, stack(0x000000bb4a700000,0x000000bb4a800000)]
  0x000002073ee4e780 JavaThread "JDWP Transport Listener: dt_socket" daemon [_thread_blocked, id=10084, stack(0x000000bb4a800000,0x000000bb4a900000)]
  0x000002073eda9210 JavaThread "JDWP Event Helper Thread" daemon [_thread_blocked, id=35212, stack(0x000000bb4a900000,0x000000bb4aa00000)]
  0x000002073ed4da60 JavaThread "JDWP Command Reader" daemon [_thread_in_native, id=36544, stack(0x000000bb4aa00000,0x000000bb4ab00000)]
  0x000002073f1167d0 JavaThread "Notification Thread" daemon [_thread_blocked, id=34192, stack(0x000000bb4ab00000,0x000000bb4ac00000)]
  0x000002073f15f4b0 JavaThread "0" [_thread_blocked, id=11464, stack(0x000000bb4ad00000,0x000000bb4ae00000)]
  0x000002073f15f980 JavaThread "1" [_thread_blocked, id=35452, stack(0x000000bb4ae00000,0x000000bb4af00000)]
  0x000002073f15fe50 JavaThread "2" [_thread_blocked, id=32600, stack(0x000000bb4af00000,0x000000bb4b000000)]
  0x000002073f160320 JavaThread "3" [_thread_blocked, id=34272, stack(0x000000bb4b000000,0x000000bb4b100000)]
  0x000002073f2a0050 JavaThread "4" [_thread_blocked, id=34772, stack(0x000000bb4b100000,0x000000bb4b200000)]
  0x000002073f244e60 JavaThread "5" [_thread_blocked, id=34140, stack(0x000000bb4b200000,0x000000bb4b300000)]
  0x000002073f245f50 JavaThread "6" [_thread_blocked, id=10548, stack(0x000000bb4b300000,0x000000bb4b400000)]

Other Threads:
  0x000002073ea8cdd0 VMThread "VM Thread" [stack: 0x000000bb49e00000,0x000000bb49f00000] [id=35428]
  0x000002073f0f7830 WatcherThread [stack: 0x000000bb4ac00000,0x000000bb4ad00000] [id=36528]
  0x000002071f825b60 GCTaskThread "GC Thread#0" [stack: 0x000000bb49900000,0x000000bb49a00000] [id=33688]
  0x000002071f837b70 ConcurrentGCThread "G1 Main Marker" [stack: 0x000000bb49a00000,0x000000bb49b00000] [id=34700]
  0x000002071f838760 ConcurrentGCThread "G1 Conc#0" [stack: 0x000000bb49b00000,0x000000bb49c00000] [id=35336]
  0x000002071f8aebd0 ConcurrentGCThread "G1 Refine#0" [stack: 0x000000bb49c00000,0x000000bb49d00000] [id=35884]
  0x000002073e0b2960 ConcurrentGCThread "G1 Young RemSet Sampling" [stack: 0x000000bb49d00000,0x000000bb49e00000] [id=36244]

Threads with active compile tasks:
C2 CompilerThread0     1489  682       4       codigo.RDP::sensibilizarVectorB (127 bytes)
C1 CompilerThread0     1489  683   !   3       codigo.RDP::Disparar (185 bytes)

VM state: not at safepoint (normal execution)

VM Mutex/Monitor currently owned by a thread: None

Heap address: 0x0000000709600000, size: 3946 MB, Compressed Oops mode: Zero based, Oop shift amount: 3
CDS disabled.
Compressed class space mapped at: 0x0000000800000000-0x0000000840000000, size: 1073741824
Narrow klass base: 0x0000000800000000, Narrow klass shift: 0, Narrow klass range: 0x40000000

GC Precious Log:
 CPUs: 8 total, 8 available
 Memory: 15779M
 Large Page Support: Disabled
 NUMA Support: Disabled
 Compressed Oops: Enabled (Zero based)
 Heap Region Size: 2M
 Heap Min Capacity: 8M
 Heap Initial Capacity: 248M
 Heap Max Capacity: 3946M
 Pre-touch: Disabled
 Parallel Workers: 8
 Concurrent Workers: 2
 Concurrent Refinement Workers: 8
 Periodic GC: Disabled

Heap:
 garbage-first heap   total 253952K, used 12288K [0x0000000709600000, 0x0000000800000000)
  region size 2048K, 7 young (14336K), 0 survivors (0K)
 Metaspace       used 10651K, capacity 10794K, committed 11008K, reserved 1058816K
  class space    used 915K, capacity 953K, committed 1024K, reserved 1048576K

Heap Regions: E=young(eden), S=young(survivor), O=old, HS=humongous(starts), HC=humongous(continues), CS=collection set, F=free, OA=open archive, CA=closed archive, TAMS=top-at-mark-start (previous, next)
|   0|0x0000000709600000, 0x0000000709600000, 0x0000000709800000|  0%| F|  |TAMS 0x0000000709600000, 0x0000000709600000| Untracked 
|   1|0x0000000709800000, 0x0000000709800000, 0x0000000709a00000|  0%| F|  |TAMS 0x0000000709800000, 0x0000000709800000| Untracked 
|   2|0x0000000709a00000, 0x0000000709a00000, 0x0000000709c00000|  0%| F|  |TAMS 0x0000000709a00000, 0x0000000709a00000| Untracked 
|   3|0x0000000709c00000, 0x0000000709c00000, 0x0000000709e00000|  0%| F|  |TAMS 0x0000000709c00000, 0x0000000709c00000| Untracked 
|   4|0x0000000709e00000, 0x0000000709e00000, 0x000000070a000000|  0%| F|  |TAMS 0x0000000709e00000, 0x0000000709e00000| Untracked 
|   5|0x000000070a000000, 0x000000070a000000, 0x000000070a200000|  0%| F|  |TAMS 0x000000070a000000, 0x000000070a000000| Untracked 
|   6|0x000000070a200000, 0x000000070a200000, 0x000000070a400000|  0%| F|  |TAMS 0x000000070a200000, 0x000000070a200000| Untracked 
|   7|0x000000070a400000, 0x000000070a400000, 0x000000070a600000|  0%| F|  |TAMS 0x000000070a400000, 0x000000070a400000| Untracked 
|   8|0x000000070a600000, 0x000000070a600000, 0x000000070a800000|  0%| F|  |TAMS 0x000000070a600000, 0x000000070a600000| Untracked 
|   9|0x000000070a800000, 0x000000070a800000, 0x000000070aa00000|  0%| F|  |TAMS 0x000000070a800000, 0x000000070a800000| Untracked 
|  10|0x000000070aa00000, 0x000000070aa00000, 0x000000070ac00000|  0%| F|  |TAMS 0x000000070aa00000, 0x000000070aa00000| Untracked 
|  11|0x000000070ac00000, 0x000000070ac00000, 0x000000070ae00000|  0%| F|  |TAMS 0x000000070ac00000, 0x000000070ac00000| Untracked 
|  12|0x000000070ae00000, 0x000000070ae00000, 0x000000070b000000|  0%| F|  |TAMS 0x000000070ae00000, 0x000000070ae00000| Untracked 
|  13|0x000000070b000000, 0x000000070b000000, 0x000000070b200000|  0%| F|  |TAMS 0x000000070b000000, 0x000000070b000000| Untracked 
|  14|0x000000070b200000, 0x000000070b200000, 0x000000070b400000|  0%| F|  |TAMS 0x000000070b200000, 0x000000070b200000| Untracked 
|  15|0x000000070b400000, 0x000000070b400000, 0x000000070b600000|  0%| F|  |TAMS 0x000000070b400000, 0x000000070b400000| Untracked 
|  16|0x000000070b600000, 0x000000070b600000, 0x000000070b800000|  0%| F|  |TAMS 0x000000070b600000, 0x000000070b600000| Untracked 
|  17|0x000000070b800000, 0x000000070b800000, 0x000000070ba00000|  0%| F|  |TAMS 0x000000070b800000, 0x000000070b800000| Untracked 
|  18|0x000000070ba00000, 0x000000070ba00000, 0x000000070bc00000|  0%| F|  |TAMS 0x000000070ba00000, 0x000000070ba00000| Untracked 
|  19|0x000000070bc00000, 0x000000070bc00000, 0x000000070be00000|  0%| F|  |TAMS 0x000000070bc00000, 0x000000070bc00000| Untracked 
|  20|0x000000070be00000, 0x000000070be00000, 0x000000070c000000|  0%| F|  |TAMS 0x000000070be00000, 0x000000070be00000| Untracked 
|  21|0x000000070c000000, 0x000000070c000000, 0x000000070c200000|  0%| F|  |TAMS 0x000000070c000000, 0x000000070c000000| Untracked 
|  22|0x000000070c200000, 0x000000070c200000, 0x000000070c400000|  0%| F|  |TAMS 0x000000070c200000, 0x000000070c200000| Untracked 
|  23|0x000000070c400000, 0x000000070c400000, 0x000000070c600000|  0%| F|  |TAMS 0x000000070c400000, 0x000000070c400000| Untracked 
|  24|0x000000070c600000, 0x000000070c600000, 0x000000070c800000|  0%| F|  |TAMS 0x000000070c600000, 0x000000070c600000| Untracked 
|  25|0x000000070c800000, 0x000000070c800000, 0x000000070ca00000|  0%| F|  |TAMS 0x000000070c800000, 0x000000070c800000| Untracked 
|  26|0x000000070ca00000, 0x000000070ca00000, 0x000000070cc00000|  0%| F|  |TAMS 0x000000070ca00000, 0x000000070ca00000| Untracked 
|  27|0x000000070cc00000, 0x000000070cc00000, 0x000000070ce00000|  0%| F|  |TAMS 0x000000070cc00000, 0x000000070cc00000| Untracked 
|  28|0x000000070ce00000, 0x000000070ce00000, 0x000000070d000000|  0%| F|  |TAMS 0x000000070ce00000, 0x000000070ce00000| Untracked 
|  29|0x000000070d000000, 0x000000070d000000, 0x000000070d200000|  0%| F|  |TAMS 0x000000070d000000, 0x000000070d000000| Untracked 
|  30|0x000000070d200000, 0x000000070d200000, 0x000000070d400000|  0%| F|  |TAMS 0x000000070d200000, 0x000000070d200000| Untracked 
|  31|0x000000070d400000, 0x000000070d400000, 0x000000070d600000|  0%| F|  |TAMS 0x000000070d400000, 0x000000070d400000| Untracked 
|  32|0x000000070d600000, 0x000000070d600000, 0x000000070d800000|  0%| F|  |TAMS 0x000000070d600000, 0x000000070d600000| Untracked 
|  33|0x000000070d800000, 0x000000070d800000, 0x000000070da00000|  0%| F|  |TAMS 0x000000070d800000, 0x000000070d800000| Untracked 
|  34|0x000000070da00000, 0x000000070da00000, 0x000000070dc00000|  0%| F|  |TAMS 0x000000070da00000, 0x000000070da00000| Untracked 
|  35|0x000000070dc00000, 0x000000070dc00000, 0x000000070de00000|  0%| F|  |TAMS 0x000000070dc00000, 0x000000070dc00000| Untracked 
|  36|0x000000070de00000, 0x000000070de00000, 0x000000070e000000|  0%| F|  |TAMS 0x000000070de00000, 0x000000070de00000| Untracked 
|  37|0x000000070e000000, 0x000000070e000000, 0x000000070e200000|  0%| F|  |TAMS 0x000000070e000000, 0x000000070e000000| Untracked 
|  38|0x000000070e200000, 0x000000070e200000, 0x000000070e400000|  0%| F|  |TAMS 0x000000070e200000, 0x000000070e200000| Untracked 
|  39|0x000000070e400000, 0x000000070e400000, 0x000000070e600000|  0%| F|  |TAMS 0x000000070e400000, 0x000000070e400000| Untracked 
|  40|0x000000070e600000, 0x000000070e600000, 0x000000070e800000|  0%| F|  |TAMS 0x000000070e600000, 0x000000070e600000| Untracked 
|  41|0x000000070e800000, 0x000000070e800000, 0x000000070ea00000|  0%| F|  |TAMS 0x000000070e800000, 0x000000070e800000| Untracked 
|  42|0x000000070ea00000, 0x000000070ea00000, 0x000000070ec00000|  0%| F|  |TAMS 0x000000070ea00000, 0x000000070ea00000| Untracked 
|  43|0x000000070ec00000, 0x000000070ec00000, 0x000000070ee00000|  0%| F|  |TAMS 0x000000070ec00000, 0x000000070ec00000| Untracked 
|  44|0x000000070ee00000, 0x000000070ee00000, 0x000000070f000000|  0%| F|  |TAMS 0x000000070ee00000, 0x000000070ee00000| Untracked 
|  45|0x000000070f000000, 0x000000070f000000, 0x000000070f200000|  0%| F|  |TAMS 0x000000070f000000, 0x000000070f000000| Untracked 
|  46|0x000000070f200000, 0x000000070f200000, 0x000000070f400000|  0%| F|  |TAMS 0x000000070f200000, 0x000000070f200000| Untracked 
|  47|0x000000070f400000, 0x000000070f400000, 0x000000070f600000|  0%| F|  |TAMS 0x000000070f400000, 0x000000070f400000| Untracked 
|  48|0x000000070f600000, 0x000000070f600000, 0x000000070f800000|  0%| F|  |TAMS 0x000000070f600000, 0x000000070f600000| Untracked 
|  49|0x000000070f800000, 0x000000070f800000, 0x000000070fa00000|  0%| F|  |TAMS 0x000000070f800000, 0x000000070f800000| Untracked 
|  50|0x000000070fa00000, 0x000000070fa00000, 0x000000070fc00000|  0%| F|  |TAMS 0x000000070fa00000, 0x000000070fa00000| Untracked 
|  51|0x000000070fc00000, 0x000000070fc00000, 0x000000070fe00000|  0%| F|  |TAMS 0x000000070fc00000, 0x000000070fc00000| Untracked 
|  52|0x000000070fe00000, 0x000000070fe00000, 0x0000000710000000|  0%| F|  |TAMS 0x000000070fe00000, 0x000000070fe00000| Untracked 
|  53|0x0000000710000000, 0x0000000710000000, 0x0000000710200000|  0%| F|  |TAMS 0x0000000710000000, 0x0000000710000000| Untracked 
|  54|0x0000000710200000, 0x0000000710200000, 0x0000000710400000|  0%| F|  |TAMS 0x0000000710200000, 0x0000000710200000| Untracked 
|  55|0x0000000710400000, 0x0000000710400000, 0x0000000710600000|  0%| F|  |TAMS 0x0000000710400000, 0x0000000710400000| Untracked 
|  56|0x0000000710600000, 0x0000000710600000, 0x0000000710800000|  0%| F|  |TAMS 0x0000000710600000, 0x0000000710600000| Untracked 
|  57|0x0000000710800000, 0x0000000710800000, 0x0000000710a00000|  0%| F|  |TAMS 0x0000000710800000, 0x0000000710800000| Untracked 
|  58|0x0000000710a00000, 0x0000000710a00000, 0x0000000710c00000|  0%| F|  |TAMS 0x0000000710a00000, 0x0000000710a00000| Untracked 
|  59|0x0000000710c00000, 0x0000000710c00000, 0x0000000710e00000|  0%| F|  |TAMS 0x0000000710c00000, 0x0000000710c00000| Untracked 
|  60|0x0000000710e00000, 0x0000000710e00000, 0x0000000711000000|  0%| F|  |TAMS 0x0000000710e00000, 0x0000000710e00000| Untracked 
|  61|0x0000000711000000, 0x0000000711000000, 0x0000000711200000|  0%| F|  |TAMS 0x0000000711000000, 0x0000000711000000| Untracked 
|  62|0x0000000711200000, 0x0000000711200000, 0x0000000711400000|  0%| F|  |TAMS 0x0000000711200000, 0x0000000711200000| Untracked 
|  63|0x0000000711400000, 0x0000000711400000, 0x0000000711600000|  0%| F|  |TAMS 0x0000000711400000, 0x0000000711400000| Untracked 
|  64|0x0000000711600000, 0x0000000711600000, 0x0000000711800000|  0%| F|  |TAMS 0x0000000711600000, 0x0000000711600000| Untracked 
|  65|0x0000000711800000, 0x0000000711800000, 0x0000000711a00000|  0%| F|  |TAMS 0x0000000711800000, 0x0000000711800000| Untracked 
|  66|0x0000000711a00000, 0x0000000711a00000, 0x0000000711c00000|  0%| F|  |TAMS 0x0000000711a00000, 0x0000000711a00000| Untracked 
|  67|0x0000000711c00000, 0x0000000711c00000, 0x0000000711e00000|  0%| F|  |TAMS 0x0000000711c00000, 0x0000000711c00000| Untracked 
|  68|0x0000000711e00000, 0x0000000711e00000, 0x0000000712000000|  0%| F|  |TAMS 0x0000000711e00000, 0x0000000711e00000| Untracked 
|  69|0x0000000712000000, 0x0000000712000000, 0x0000000712200000|  0%| F|  |TAMS 0x0000000712000000, 0x0000000712000000| Untracked 
|  70|0x0000000712200000, 0x0000000712200000, 0x0000000712400000|  0%| F|  |TAMS 0x0000000712200000, 0x0000000712200000| Untracked 
|  71|0x0000000712400000, 0x0000000712400000, 0x0000000712600000|  0%| F|  |TAMS 0x0000000712400000, 0x0000000712400000| Untracked 
|  72|0x0000000712600000, 0x0000000712600000, 0x0000000712800000|  0%| F|  |TAMS 0x0000000712600000, 0x0000000712600000| Untracked 
|  73|0x0000000712800000, 0x0000000712800000, 0x0000000712a00000|  0%| F|  |TAMS 0x0000000712800000, 0x0000000712800000| Untracked 
|  74|0x0000000712a00000, 0x0000000712a00000, 0x0000000712c00000|  0%| F|  |TAMS 0x0000000712a00000, 0x0000000712a00000| Untracked 
|  75|0x0000000712c00000, 0x0000000712c00000, 0x0000000712e00000|  0%| F|  |TAMS 0x0000000712c00000, 0x0000000712c00000| Untracked 
|  76|0x0000000712e00000, 0x0000000712e00000, 0x0000000713000000|  0%| F|  |TAMS 0x0000000712e00000, 0x0000000712e00000| Untracked 
|  77|0x0000000713000000, 0x0000000713000000, 0x0000000713200000|  0%| F|  |TAMS 0x0000000713000000, 0x0000000713000000| Untracked 
|  78|0x0000000713200000, 0x0000000713200000, 0x0000000713400000|  0%| F|  |TAMS 0x0000000713200000, 0x0000000713200000| Untracked 
|  79|0x0000000713400000, 0x0000000713400000, 0x0000000713600000|  0%| F|  |TAMS 0x0000000713400000, 0x0000000713400000| Untracked 
|  80|0x0000000713600000, 0x0000000713600000, 0x0000000713800000|  0%| F|  |TAMS 0x0000000713600000, 0x0000000713600000| Untracked 
|  81|0x0000000713800000, 0x0000000713800000, 0x0000000713a00000|  0%| F|  |TAMS 0x0000000713800000, 0x0000000713800000| Untracked 
|  82|0x0000000713a00000, 0x0000000713a00000, 0x0000000713c00000|  0%| F|  |TAMS 0x0000000713a00000, 0x0000000713a00000| Untracked 
|  83|0x0000000713c00000, 0x0000000713c00000, 0x0000000713e00000|  0%| F|  |TAMS 0x0000000713c00000, 0x0000000713c00000| Untracked 
|  84|0x0000000713e00000, 0x0000000713e00000, 0x0000000714000000|  0%| F|  |TAMS 0x0000000713e00000, 0x0000000713e00000| Untracked 
|  85|0x0000000714000000, 0x0000000714000000, 0x0000000714200000|  0%| F|  |TAMS 0x0000000714000000, 0x0000000714000000| Untracked 
|  86|0x0000000714200000, 0x0000000714200000, 0x0000000714400000|  0%| F|  |TAMS 0x0000000714200000, 0x0000000714200000| Untracked 
|  87|0x0000000714400000, 0x0000000714400000, 0x0000000714600000|  0%| F|  |TAMS 0x0000000714400000, 0x0000000714400000| Untracked 
|  88|0x0000000714600000, 0x0000000714600000, 0x0000000714800000|  0%| F|  |TAMS 0x0000000714600000, 0x0000000714600000| Untracked 
|  89|0x0000000714800000, 0x0000000714800000, 0x0000000714a00000|  0%| F|  |TAMS 0x0000000714800000, 0x0000000714800000| Untracked 
|  90|0x0000000714a00000, 0x0000000714a00000, 0x0000000714c00000|  0%| F|  |TAMS 0x0000000714a00000, 0x0000000714a00000| Untracked 
|  91|0x0000000714c00000, 0x0000000714c00000, 0x0000000714e00000|  0%| F|  |TAMS 0x0000000714c00000, 0x0000000714c00000| Untracked 
|  92|0x0000000714e00000, 0x0000000714e00000, 0x0000000715000000|  0%| F|  |TAMS 0x0000000714e00000, 0x0000000714e00000| Untracked 
|  93|0x0000000715000000, 0x0000000715000000, 0x0000000715200000|  0%| F|  |TAMS 0x0000000715000000, 0x0000000715000000| Untracked 
|  94|0x0000000715200000, 0x0000000715200000, 0x0000000715400000|  0%| F|  |TAMS 0x0000000715200000, 0x0000000715200000| Untracked 
|  95|0x0000000715400000, 0x0000000715400000, 0x0000000715600000|  0%| F|  |TAMS 0x0000000715400000, 0x0000000715400000| Untracked 
|  96|0x0000000715600000, 0x0000000715600000, 0x0000000715800000|  0%| F|  |TAMS 0x0000000715600000, 0x0000000715600000| Untracked 
|  97|0x0000000715800000, 0x0000000715800000, 0x0000000715a00000|  0%| F|  |TAMS 0x0000000715800000, 0x0000000715800000| Untracked 
|  98|0x0000000715a00000, 0x0000000715a00000, 0x0000000715c00000|  0%| F|  |TAMS 0x0000000715a00000, 0x0000000715a00000| Untracked 
|  99|0x0000000715c00000, 0x0000000715c00000, 0x0000000715e00000|  0%| F|  |TAMS 0x0000000715c00000, 0x0000000715c00000| Untracked 
| 100|0x0000000715e00000, 0x0000000715e00000, 0x0000000716000000|  0%| F|  |TAMS 0x0000000715e00000, 0x0000000715e00000| Untracked 
| 101|0x0000000716000000, 0x0000000716000000, 0x0000000716200000|  0%| F|  |TAMS 0x0000000716000000, 0x0000000716000000| Untracked 
| 102|0x0000000716200000, 0x0000000716200000, 0x0000000716400000|  0%| F|  |TAMS 0x0000000716200000, 0x0000000716200000| Untracked 
| 103|0x0000000716400000, 0x0000000716400000, 0x0000000716600000|  0%| F|  |TAMS 0x0000000716400000, 0x0000000716400000| Untracked 
| 104|0x0000000716600000, 0x0000000716600000, 0x0000000716800000|  0%| F|  |TAMS 0x0000000716600000, 0x0000000716600000| Untracked 
| 105|0x0000000716800000, 0x0000000716800000, 0x0000000716a00000|  0%| F|  |TAMS 0x0000000716800000, 0x0000000716800000| Untracked 
| 106|0x0000000716a00000, 0x0000000716a00000, 0x0000000716c00000|  0%| F|  |TAMS 0x0000000716a00000, 0x0000000716a00000| Untracked 
| 107|0x0000000716c00000, 0x0000000716c00000, 0x0000000716e00000|  0%| F|  |TAMS 0x0000000716c00000, 0x0000000716c00000| Untracked 
| 108|0x0000000716e00000, 0x0000000716e00000, 0x0000000717000000|  0%| F|  |TAMS 0x0000000716e00000, 0x0000000716e00000| Untracked 
| 109|0x0000000717000000, 0x0000000717000000, 0x0000000717200000|  0%| F|  |TAMS 0x0000000717000000, 0x0000000717000000| Untracked 
| 110|0x0000000717200000, 0x0000000717200000, 0x0000000717400000|  0%| F|  |TAMS 0x0000000717200000, 0x0000000717200000| Untracked 
| 111|0x0000000717400000, 0x0000000717400000, 0x0000000717600000|  0%| F|  |TAMS 0x0000000717400000, 0x0000000717400000| Untracked 
| 112|0x0000000717600000, 0x0000000717600000, 0x0000000717800000|  0%| F|  |TAMS 0x0000000717600000, 0x0000000717600000| Untracked 
| 113|0x0000000717800000, 0x0000000717800000, 0x0000000717a00000|  0%| F|  |TAMS 0x0000000717800000, 0x0000000717800000| Untracked 
| 114|0x0000000717a00000, 0x0000000717a00000, 0x0000000717c00000|  0%| F|  |TAMS 0x0000000717a00000, 0x0000000717a00000| Untracked 
| 115|0x0000000717c00000, 0x0000000717c00000, 0x0000000717e00000|  0%| F|  |TAMS 0x0000000717c00000, 0x0000000717c00000| Untracked 
| 116|0x0000000717e00000, 0x0000000717e00000, 0x0000000718000000|  0%| F|  |TAMS 0x0000000717e00000, 0x0000000717e00000| Untracked 
| 117|0x0000000718000000, 0x00000007181c3180, 0x0000000718200000| 88%| E|  |TAMS 0x0000000718000000, 0x0000000718000000| Complete 
| 118|0x0000000718200000, 0x0000000718400000, 0x0000000718400000|100%| E|CS|TAMS 0x0000000718200000, 0x0000000718200000| Complete 
| 119|0x0000000718400000, 0x0000000718600000, 0x0000000718600000|100%| E|CS|TAMS 0x0000000718400000, 0x0000000718400000| Complete 
| 120|0x0000000718600000, 0x0000000718800000, 0x0000000718800000|100%| E|CS|TAMS 0x0000000718600000, 0x0000000718600000| Complete 
| 121|0x0000000718800000, 0x0000000718a00000, 0x0000000718a00000|100%| E|CS|TAMS 0x0000000718800000, 0x0000000718800000| Complete 
| 122|0x0000000718a00000, 0x0000000718c00000, 0x0000000718c00000|100%| E|CS|TAMS 0x0000000718a00000, 0x0000000718a00000| Complete 
| 123|0x0000000718c00000, 0x0000000718e00000, 0x0000000718e00000|100%| E|CS|TAMS 0x0000000718c00000, 0x0000000718c00000| Complete 

Card table byte_map: [0x0000020732cf0000,0x00000207334b0000] _byte_map_base: 0x000002072f4a5000

Marking Bits (Prev, Next): (CMBitMap*) 0x000002071f8263d0, (CMBitMap*) 0x000002071f826410
 Prev Bits: [0x0000020733c70000, 0x0000020737a18000)
 Next Bits: [0x0000020737a20000, 0x000002073b7c8000)

Polling page: 0x000002071efb0000

Metaspace:

Usage:
  Non-class:      9.61 MB capacity,     9.51 MB ( 99%) used,    98.21 KB ( <1%) free+waste,     6.81 KB ( <1%) overhead. 
      Class:    953.00 KB capacity,   915.14 KB ( 96%) used,    35.80 KB (  4%) free+waste,     2.06 KB ( <1%) overhead. 
       Both:     10.54 MB capacity,    10.40 MB ( 99%) used,   134.01 KB (  1%) free+waste,     8.88 KB ( <1%) overhead. 

Virtual space:
  Non-class space:       10.00 MB reserved,       9.75 MB ( 98%) committed 
      Class space:        1.00 GB reserved,       1.00 MB ( <1%) committed 
             Both:        1.01 GB reserved,      10.75 MB (  1%) committed 

Chunk freelists:
   Non-Class:  15.00 KB
       Class:  7.00 KB
        Both:  22.00 KB

MaxMetaspaceSize: 17179869184.00 GB
CompressedClassSpaceSize: 1.00 GB

CodeHeap 'non-profiled nmethods': size=120000Kb used=247Kb max_used=247Kb free=119752Kb
 bounds [0x000002072acc0000, 0x000002072af30000, 0x00000207321f0000]
CodeHeap 'profiled nmethods': size=120000Kb used=937Kb max_used=937Kb free=119062Kb
 bounds [0x0000020723790000, 0x0000020723a00000, 0x000002072acc0000]
CodeHeap 'non-nmethods': size=5760Kb used=1240Kb max_used=1258Kb free=4519Kb
 bounds [0x00000207231f0000, 0x0000020723460000, 0x0000020723790000]
 total_blobs=1088 nmethods=681 adapters=320
 compilation: enabled
              stopped_count=0, restarted_count=0
 full_count=0

Compilation events (20 events):
Event: 1.117 Thread 0x000002073eaf7ee0 nmethod 672 0x0000020723878310 code [0x00000207238784c0, 0x0000020723878628]
Event: 1.136 Thread 0x000002073eaf7ee0  673       1       codigo.Info::setcantInvariante (6 bytes)
Event: 1.136 Thread 0x000002073eaf7ee0 nmethod 673 0x000002072acfbf90 code [0x000002072acfc120, 0x000002072acfc1d8]
Event: 1.173 Thread 0x000002073eaf7ee0  674       3       java.util.concurrent.Semaphore::acquire (9 bytes)
Event: 1.173 Thread 0x000002073eaf7ee0 nmethod 674 0x0000020723878710 code [0x00000207238788c0, 0x0000020723878a08]
Event: 1.173 Thread 0x000002073eaf7ee0  675       3       java.util.concurrent.locks.AbstractQueuedSynchronizer::acquireSharedInterruptibly (36 bytes)
Event: 1.173 Thread 0x000002073eaf7ee0 nmethod 675 0x0000020723878b10 code [0x0000020723878d00, 0x00000207238791b8]
Event: 1.188 Thread 0x000002073eaf7ee0  676       3       java.util.concurrent.Semaphore::release (10 bytes)
Event: 1.189 Thread 0x000002073eaf7ee0 nmethod 676 0x0000020723879390 code [0x0000020723879540, 0x00000207238797f8]
Event: 1.189 Thread 0x000002073eaf7ee0  677       3       java.util.concurrent.locks.AbstractQueuedSynchronizer::releaseShared (19 bytes)
Event: 1.189 Thread 0x000002073eaf7ee0 nmethod 677 0x0000020723879910 code [0x0000020723879b00, 0x0000020723879f88]
Event: 1.189 Thread 0x000002073eaf7ee0  678       3       java.util.concurrent.Semaphore$Sync::tryReleaseShared (38 bytes)
Event: 1.189 Thread 0x000002073eaf7ee0 nmethod 678 0x000002072387a110 code [0x000002072387a2e0, 0x000002072387a618]
Event: 1.220 Thread 0x000002073eaf3f40  679       4       java.lang.StringBuilder::append (8 bytes)
Event: 1.221 Thread 0x000002073eaf3f40 nmethod 679 0x000002072acfc290 code [0x000002072acfc420, 0x000002072acfc4a8]
Event: 1.252 Thread 0x000002073eaf3f40  680       4       java.nio.Buffer::position (52 bytes)
Event: 1.253 Thread 0x000002073eaf3f40 nmethod 680 0x000002072acfc590 code [0x000002072acfc700, 0x000002072acfc7b8]
Event: 1.267 Thread 0x000002073eaf3f40  681       4       sun.nio.cs.SingleByte$Encoder::encodeArrayLoop (233 bytes)
Event: 1.277 Thread 0x000002073eaf3f40 nmethod 681 0x000002072acfc890 code [0x000002072acfca40, 0x000002072acfd598]
Event: 1.277 Thread 0x000002073eaf3f40  682       4       codigo.RDP::sensibilizarVectorB (127 bytes)

GC Heap History (0 events):
No events

Deoptimization events (20 events):
Event: 0.572 Thread 0x000002071f7d75b0 Uncommon trap: trap_request=0xffffff45 fr.pc=0x000002072acc9268 relative=0x0000000000000248
Event: 0.572 Thread 0x000002071f7d75b0 Uncommon trap: reason=unstable_if action=reinterpret pc=0x000002072acc9268 method=java.lang.String.isLatin1()Z @ 10 c2
Event: 0.572 Thread 0x000002071f7d75b0 DEOPT PACKING pc=0x000002072acc9268 sp=0x000000bb498fc940
Event: 0.572 Thread 0x000002071f7d75b0 DEOPT UNPACKING pc=0x000002072323e42f sp=0x000000bb498fc870 mode 2
Event: 0.572 Thread 0x000002071f7d75b0 Uncommon trap: trap_request=0xffffff45 fr.pc=0x000002072accef5c relative=0x000000000000005c
Event: 0.572 Thread 0x000002071f7d75b0 Uncommon trap: reason=unstable_if action=reinterpret pc=0x000002072accef5c method=java.lang.String.isLatin1()Z @ 10 c2
Event: 0.572 Thread 0x000002071f7d75b0 DEOPT PACKING pc=0x000002072accef5c sp=0x000000bb498fc8c0
Event: 0.572 Thread 0x000002071f7d75b0 DEOPT UNPACKING pc=0x000002072323e42f sp=0x000000bb498fc860 mode 2
Event: 0.574 Thread 0x000002071f7d75b0 DEOPT PACKING pc=0x00000207237ebc96 sp=0x000000bb498fe260
Event: 0.574 Thread 0x000002071f7d75b0 DEOPT UNPACKING pc=0x000002072323e23f sp=0x000000bb498fd6f8 mode 0
Event: 0.578 Thread 0x000002071f7d75b0 Uncommon trap: trap_request=0xffffff45 fr.pc=0x000002072acd6d44 relative=0x0000000000000044
Event: 0.578 Thread 0x000002071f7d75b0 Uncommon trap: reason=unstable_if action=reinterpret pc=0x000002072acd6d44 method=java.lang.CharacterData.of(I)Ljava/lang/CharacterData; @ 4 c2
Event: 0.578 Thread 0x000002071f7d75b0 DEOPT PACKING pc=0x000002072acd6d44 sp=0x000000bb498fe870
Event: 0.578 Thread 0x000002071f7d75b0 DEOPT UNPACKING pc=0x000002072323e42f sp=0x000000bb498fe810 mode 2
Event: 0.893 Thread 0x000002073f15fe50 DEOPT PACKING pc=0x0000020723858854 sp=0x000000bb4affeb70
Event: 0.893 Thread 0x000002073f15fe50 DEOPT UNPACKING pc=0x000002072323e23f sp=0x000000bb4affe030 mode 0
Event: 0.908 Thread 0x000002073f15f4b0 DEOPT PACKING pc=0x00000207238561b0 sp=0x000000bb4adff0a0
Event: 0.908 Thread 0x000002073f15f4b0 DEOPT UNPACKING pc=0x000002072323e23f sp=0x000000bb4adfe568 mode 0
Event: 0.956 Thread 0x000002073f15f4b0 DEOPT PACKING pc=0x000002072385d5fe sp=0x000000bb4adff180
Event: 0.956 Thread 0x000002073f15f4b0 DEOPT UNPACKING pc=0x000002072323e23f sp=0x000000bb4adfe618 mode 0

Classes unloaded (0 events):
No events

Classes redefined (0 events):
No events

Internal exceptions (3 events):
Event: 0.440 Thread 0x000002071f7d75b0 Exception <a 'java/lang/NoSuchMethodError'{0x0000000718b07f38}: 'void java.lang.invoke.DirectMethodHandle$Holder.invokeStatic(java.lang.Object, java.lang.Object)'> (0x0000000718b07f38) 
thrown [./open/src/hotspot/share/interpreter/linkResolver.cpp, line 782]
Event: 0.441 Thread 0x000002071f7d75b0 Exception <a 'java/lang/NoSuchMethodError'{0x0000000718b0bbe0}: 'void java.lang.invoke.DirectMethodHandle$Holder.invokeStaticInit(java.lang.Object, java.lang.Object)'> (0x0000000718b0bbe0) 
thrown [./open/src/hotspot/share/interpreter/linkResolver.cpp, line 782]
Event: 0.508 Thread 0x000002071f7d75b0 Exception <a 'java/lang/NoSuchMethodError'{0x00000007188ebb70}: 'java.lang.Object java.lang.invoke.DirectMethodHandle$Holder.invokeStatic(java.lang.Object)'> (0x00000007188ebb70) 
thrown [./open/src/hotspot/share/interpreter/linkResolver.cpp, line 782]

Events (20 events):
Event: 0.593 loading class java/util/Collections$CopiesList
Event: 0.593 loading class java/util/Collections$CopiesList done
Event: 0.595 Thread 0x000002073f15f4b0 Thread added: 0x000002073f15f4b0
Event: 0.595 Thread 0x000002073f15f980 Thread added: 0x000002073f15f980
Event: 0.595 Thread 0x000002073f15fe50 Thread added: 0x000002073f15fe50
Event: 0.595 Thread 0x000002073f160320 Thread added: 0x000002073f160320
Event: 0.595 Thread 0x000002073f2a0050 Thread added: 0x000002073f2a0050
Event: 0.595 loading class java/util/concurrent/locks/AbstractQueuedSynchronizer$SharedNode
Event: 0.595 Thread 0x000002073f244e60 Thread added: 0x000002073f244e60
Event: 0.595 Thread 0x000002073f245f50 Thread added: 0x000002073f245f50
Event: 0.595 loading class java/util/concurrent/locks/AbstractQueuedSynchronizer$Node
Event: 0.595 loading class java/util/concurrent/locks/AbstractQueuedSynchronizer$Node done
Event: 0.595 loading class java/util/concurrent/locks/AbstractQueuedSynchronizer$SharedNode done
Event: 0.595 loading class java/util/concurrent/locks/AbstractQueuedSynchronizer$ExclusiveNode
Event: 0.595 loading class java/util/concurrent/locks/AbstractQueuedSynchronizer$ExclusiveNode done
Event: 0.619 Loaded shared library C:\Users\Administrador\.p2\pool\plugins\org.eclipse.justj.openjdk.hotspot.jre.full.win32.x86_64_15.0.2.v20210201-0955\jre\bin\java.dll
Event: 0.669 loading class java/lang/Math$RandomNumberGeneratorHolder
Event: 0.669 loading class java/lang/Math$RandomNumberGeneratorHolder done
Event: 0.669 loading class java/util/Random
Event: 0.669 loading class java/util/Random done


Dynamic libraries:
0x00007ff6211d0000 - 0x00007ff6211dd000 	C:\Users\Administrador\.p2\pool\plugins\org.eclipse.justj.openjdk.hotspot.jre.full.win32.x86_64_15.0.2.v20210201-0955\jre\bin\javaw.exe
0x00007fffb8050000 - 0x00007fffb8248000 	C:\Windows\SYSTEM32\ntdll.dll
0x00007fffb6500000 - 0x00007fffb65bd000 	C:\Windows\System32\KERNEL32.DLL
0x00007fffb5960000 - 0x00007fffb5c2e000 	C:\Windows\System32\KERNELBASE.dll
0x00007fffb5f60000 - 0x00007fffb6060000 	C:\Windows\System32\ucrtbase.dll
0x00007fffa7010000 - 0x00007fffa7029000 	C:\Users\Administrador\.p2\pool\plugins\org.eclipse.justj.openjdk.hotspot.jre.full.win32.x86_64_15.0.2.v20210201-0955\jre\bin\VCRUNTIME140.dll
0x00007fffb12f0000 - 0x00007fffb1308000 	C:\Users\Administrador\.p2\pool\plugins\org.eclipse.justj.openjdk.hotspot.jre.full.win32.x86_64_15.0.2.v20210201-0955\jre\bin\jli.dll
0x00007fffb6e60000 - 0x00007fffb7000000 	C:\Windows\System32\USER32.dll
0x00007fffa8e80000 - 0x00007fffa911a000 	C:\Windows\WinSxS\amd64_microsoft.windows.common-controls_6595b64144ccf1df_6.0.19041.1110_none_60b5254171f9507e\COMCTL32.dll
0x00007fffb5930000 - 0x00007fffb5952000 	C:\Windows\System32\win32u.dll
0x00007fffb7d80000 - 0x00007fffb7e1e000 	C:\Windows\System32\msvcrt.dll
0x00007fffb6220000 - 0x00007fffb624a000 	C:\Windows\System32\GDI32.dll
0x00007fffb5820000 - 0x00007fffb592b000 	C:\Windows\System32\gdi32full.dll
0x00007fffb5e20000 - 0x00007fffb5ebd000 	C:\Windows\System32\msvcp_win.dll
0x00007fffb60d0000 - 0x00007fffb6100000 	C:\Windows\System32\IMM32.DLL
0x00007fffb0a50000 - 0x00007fffb0a5c000 	C:\Users\Administrador\.p2\pool\plugins\org.eclipse.justj.openjdk.hotspot.jre.full.win32.x86_64_15.0.2.v20210201-0955\jre\bin\vcruntime140_1.dll
0x00007fff99aa0000 - 0x00007fff99b31000 	C:\Users\Administrador\.p2\pool\plugins\org.eclipse.justj.openjdk.hotspot.jre.full.win32.x86_64_15.0.2.v20210201-0955\jre\bin\msvcp140.dll
0x00007fff95070000 - 0x00007fff95bce000 	C:\Users\Administrador\.p2\pool\plugins\org.eclipse.justj.openjdk.hotspot.jre.full.win32.x86_64_15.0.2.v20210201-0955\jre\bin\server\jvm.dll
0x00007fffb6c20000 - 0x00007fffb6cce000 	C:\Windows\System32\ADVAPI32.dll
0x00007fffb6100000 - 0x00007fffb619c000 	C:\Windows\System32\sechost.dll
0x00007fffb7e80000 - 0x00007fffb7fa5000 	C:\Windows\System32\RPCRT4.dll
0x00007fffb7470000 - 0x00007fffb7478000 	C:\Windows\System32\PSAPI.DLL
0x00007fffad5d0000 - 0x00007fffad5da000 	C:\Windows\SYSTEM32\VERSION.dll
0x00007fffad5a0000 - 0x00007fffad5c7000 	C:\Windows\SYSTEM32\WINMM.dll
0x00007fff997b0000 - 0x00007fff997b9000 	C:\Windows\SYSTEM32\WSOCK32.dll
0x00007fffb6b00000 - 0x00007fffb6b6b000 	C:\Windows\System32\WS2_32.dll
0x00007fffb3690000 - 0x00007fffb36a2000 	C:\Windows\SYSTEM32\kernel.appcore.dll
0x00007fffa7000000 - 0x00007fffa700a000 	C:\Users\Administrador\.p2\pool\plugins\org.eclipse.justj.openjdk.hotspot.jre.full.win32.x86_64_15.0.2.v20210201-0955\jre\bin\jimage.dll
0x00007fffae310000 - 0x00007fffae4f4000 	C:\Windows\SYSTEM32\DBGHELP.DLL
0x00007fffae2e0000 - 0x00007fffae30c000 	C:\Windows\SYSTEM32\dbgcore.DLL
0x00007fffb5d90000 - 0x00007fffb5e12000 	C:\Windows\System32\bcryptPrimitives.dll
0x00007fffa6fc0000 - 0x00007fffa6ff9000 	C:\Users\Administrador\.p2\pool\plugins\org.eclipse.justj.openjdk.hotspot.jre.full.win32.x86_64_15.0.2.v20210201-0955\jre\bin\jdwp.dll
0x00007fff99a90000 - 0x00007fff99a9e000 	C:\Users\Administrador\.p2\pool\plugins\org.eclipse.justj.openjdk.hotspot.jre.full.win32.x86_64_15.0.2.v20210201-0955\jre\bin\instrument.dll
0x00007fff973d0000 - 0x00007fff973f5000 	C:\Users\Administrador\.p2\pool\plugins\org.eclipse.justj.openjdk.hotspot.jre.full.win32.x86_64_15.0.2.v20210201-0955\jre\bin\java.dll
0x00007fff95050000 - 0x00007fff95068000 	C:\Users\Administrador\.p2\pool\plugins\org.eclipse.justj.openjdk.hotspot.jre.full.win32.x86_64_15.0.2.v20210201-0955\jre\bin\zip.dll
0x00007fffb7630000 - 0x00007fffb7d74000 	C:\Windows\System32\SHELL32.dll
0x00007fffb3890000 - 0x00007fffb4024000 	C:\Windows\SYSTEM32\windows.storage.dll
0x00007fffb65c0000 - 0x00007fffb6914000 	C:\Windows\System32\combase.dll
0x00007fffb51d0000 - 0x00007fffb5200000 	C:\Windows\SYSTEM32\Wldp.dll
0x00007fffb6a50000 - 0x00007fffb6afd000 	C:\Windows\System32\SHCORE.dll
0x00007fffb69f0000 - 0x00007fffb6a45000 	C:\Windows\System32\shlwapi.dll
0x00007fffb56b0000 - 0x00007fffb56cf000 	C:\Windows\SYSTEM32\profapi.dll
0x00007fff97370000 - 0x00007fff9737b000 	C:\Users\Administrador\.p2\pool\plugins\org.eclipse.justj.openjdk.hotspot.jre.full.win32.x86_64_15.0.2.v20210201-0955\jre\bin\dt_socket.dll
0x00007fffb4bb0000 - 0x00007fffb4beb000 	C:\Windows\SYSTEM32\IPHLPAPI.DLL
0x00007fffb4f30000 - 0x00007fffb4f9a000 	C:\Windows\system32\mswsock.dll
0x00007fffb4bf0000 - 0x00007fffb4cbb000 	C:\Windows\SYSTEM32\DNSAPI.dll
0x00007fffb6e50000 - 0x00007fffb6e58000 	C:\Windows\System32\NSI.dll
0x0000000076390000 - 0x00000000763b6000 	C:\Program Files\Bonjour\mdnsNSP.dll
0x0000000063560000 - 0x0000000063569000 	C:\Program Files\National Instruments\Shared\mDNS Responder\nimdnsNSP.dll
0x0000000063550000 - 0x000000006355e000 	C:\Windows\SYSTEM32\nimdnsResponder.dll
0x00000000762e0000 - 0x0000000076383000 	C:\Windows\WinSxS\amd64_microsoft.vc90.crt_1fc8b3b9a1e18e3b_9.0.30729.9625_none_08e1c10da83fbc83\MSVCR90.dll
0x00007fffacc20000 - 0x00007fffacc2a000 	C:\Windows\System32\rasadhlp.dll
0x00007fffac960000 - 0x00007fffac9e0000 	C:\Windows\System32\fwpuclnt.dll
0x00007fffb5f30000 - 0x00007fffb5f57000 	C:\Windows\System32\bcrypt.dll
0x00007fff95030000 - 0x00007fff95049000 	C:\Users\Administrador\.p2\pool\plugins\org.eclipse.justj.openjdk.hotspot.jre.full.win32.x86_64_15.0.2.v20210201-0955\jre\bin\net.dll
0x00007fffab100000 - 0x00007fffab20a000 	C:\Windows\SYSTEM32\WINHTTP.dll
0x00007fff95010000 - 0x00007fff95022000 	C:\Users\Administrador\.p2\pool\plugins\org.eclipse.justj.openjdk.hotspot.jre.full.win32.x86_64_15.0.2.v20210201-0955\jre\bin\nio.dll
0x00007fff97320000 - 0x00007fff97330000 	C:\Users\Administrador\.p2\pool\plugins\org.eclipse.justj.openjdk.hotspot.jre.full.win32.x86_64_15.0.2.v20210201-0955\jre\bin\verify.dll

dbghelp: loaded successfully - version: 4.0.5 - missing functions: none
symbol engine: initialized successfully - sym options: 0x614 - pdb path: .;C:\Users\Administrador\.p2\pool\plugins\org.eclipse.justj.openjdk.hotspot.jre.full.win32.x86_64_15.0.2.v20210201-0955\jre\bin;C:\Windows\SYSTEM32;C:\Windows\WinSxS\amd64_microsoft.windows.common-controls_6595b64144ccf1df_6.0.19041.1110_none_60b5254171f9507e;C:\Users\Administrador\.p2\pool\plugins\org.eclipse.justj.openjdk.hotspot.jre.full.win32.x86_64_15.0.2.v20210201-0955\jre\bin\server;C:\Program Files\Bonjour;C:\Program Files\National Instruments\Shared\mDNS Responder;C:\Windows\WinSxS\amd64_microsoft.vc90.crt_1fc8b3b9a1e18e3b_9.0.30729.9625_none_08e1c10da83fbc83

VM Arguments:
jvm_args: -XX:+ShowCodeDetailsInExceptionMessages -agentlib:jdwp=transport=dt_socket,suspend=y,address=localhost:63429 -javaagent:C:\Users\Administrador\eclipse\java-2021-06\eclipse\configuration\org.eclipse.osgi\222\0\.cp\lib\javaagent-shaded.jar -Dfile.encoding=Cp1252 
java_command: codigo.Main
java_class_path (initial): C:\Users\Administrador\eclipse-workspace\Programacion-Concurrente\bin;C:\Users\Administrador\.p2\pool\plugins\org.junit.jupiter.api_5.7.1.v20210222-1948.jar;C:\Users\Administrador\.p2\pool\plugins\org.junit.jupiter.engine_5.7.1.v20210222-1948.jar;C:\Users\Administrador\.p2\pool\plugins\org.junit.jupiter.migrationsupport_5.7.1.v20210222-1948.jar;C:\Users\Administrador\.p2\pool\plugins\org.junit.jupiter.params_5.7.1.v20210222-1948.jar;C:\Users\Administrador\.p2\pool\plugins\org.junit.platform.commons_1.7.1.v20210222-1948.jar;C:\Users\Administrador\.p2\pool\plugins\org.junit.platform.engine_1.7.1.v20210222-1948.jar;C:\Users\Administrador\.p2\pool\plugins\org.junit.platform.launcher_1.7.1.v20210222-1948.jar;C:\Users\Administrador\.p2\pool\plugins\org.junit.platform.runner_1.7.1.v20210222-1948.jar;C:\Users\Administrador\.p2\pool\plugins\org.junit.platform.suite.api_1.7.1.v20210222-1948.jar;C:\Users\Administrador\.p2\pool\plugins\org.junit.vintage.engine_5.7.1.v20210222-1948.jar;C:\Users\Administrador\.p2\pool\plugins\org.opentest4j_1.2.0.v20190826-0900.jar;C:\Users\Administrador\.p2\pool\plugins\org.apiguardian_1.1.0.v20190826-0900.jar;C:\Users\Administrador\.p2\pool\plugins\org.junit_4.13.0.v20200204-1500.jar;C:\Users\Administrador\.p2\pool\plugins\org.hamcrest.core_1.3.0.v20180420-1519.jar
Launcher Type: SUN_STANDARD

[Global flags]
     intx CICompilerCount                          = 4                                         {product} {ergonomic}
     uint ConcGCThreads                            = 2                                         {product} {ergonomic}
     uint G1ConcRefinementThreads                  = 8                                         {product} {ergonomic}
   size_t G1HeapRegionSize                         = 2097152                                   {product} {ergonomic}
    uintx GCDrainStackTargetSize                   = 64                                        {product} {ergonomic}
   size_t InitialHeapSize                          = 260046848                                 {product} {ergonomic}
   size_t MarkStackSize                            = 4194304                                   {product} {ergonomic}
   size_t MaxHeapSize                              = 4137680896                                {product} {ergonomic}
   size_t MaxNewSize                               = 2480930816                                {product} {ergonomic}
   size_t MinHeapDeltaBytes                        = 2097152                                   {product} {ergonomic}
   size_t MinHeapSize                              = 8388608                                   {product} {ergonomic}
    uintx NonNMethodCodeHeapSize                   = 5839372                                {pd product} {ergonomic}
    uintx NonProfiledCodeHeapSize                  = 122909434                              {pd product} {ergonomic}
    uintx ProfiledCodeHeapSize                     = 122909434                              {pd product} {ergonomic}
    uintx ReservedCodeCacheSize                    = 251658240                              {pd product} {ergonomic}
     bool SegmentedCodeCache                       = true                                      {product} {ergonomic}
     bool ShowCodeDetailsInExceptionMessages       = true                                   {manageable} {command line}
   size_t SoftMaxHeapSize                          = 4137680896                             {manageable} {ergonomic}
     bool UseCompressedClassPointers               = true                                 {lp64_product} {ergonomic}
     bool UseCompressedOops                        = true                                 {lp64_product} {ergonomic}
     bool UseG1GC                                  = true                                      {product} {ergonomic}
     bool UseLargePagesIndividualAllocation        = false                                  {pd product} {ergonomic}

Logging:
Log output configuration:
 #0: stdout all=warning uptime,level,tags
 #1: stderr all=off uptime,level,tags

Environment Variables:
JAVA_HOME=C:\Program Files\Java\jdk-11.0.12
PATH=C:\Users\Administrador\.p2\pool\plugins\org.eclipse.justj.openjdk.hotspot.jre.full.win32.x86_64_15.0.2.v20210201-0955\jre\bin;C:/Program Files/Java/jdk-11.0.12/bin/server;C:/Program Files/Java/jdk-11.0.12/bin;C:\Program Files\Common Files\Oracle\Java\javapath;C:\Program Files (x86)\Common Files\Oracle\Java\javapath;C:\Python39\Scripts\;C:\Python39\;C:\Windows\system32;C:\Windows;C:\Windows\System32\Wbem;C:\Windows\System32\WindowsPowerShell\v1.0\;C:\Windows\System32\OpenSSH\;C:\Program Files\nodejs\;C:\ProgramData\chocolatey\bin;C:\Program Files\Git\cmd;C:\Program Files\apache-maven-3.8.1\bin;C:\Program Files\Java\jdk-11.0.12\bin;C:\Program Files\Java\jdk-16.0.1\bin;C:\Program Files\dotnet\;C:\Program Files\Microsoft SQL Server\130\Tools\Binn\;C:\Users\Administrador\AppData\Local\Programs\Python\Python38\Scripts\;C:\Users\Administrador\AppData\Local\Programs\Python\Python38\;C:\Users\Administrador\AppData\Local\Microsoft\WindowsApps;C:\Users\Administrador\AppData\Local\Programs\Microsoft VS Code\bin;C:\Users\Administrador\AppData\Roaming\npm;C:\Users\Administrador\.dotnet\tools;;C:\Program Files\JetBrains\IntelliJ IDEA Community Edition 2022.1\bin;;C:\Windows\system32;
USERNAME=Administrador
OS=Windows_NT
PROCESSOR_IDENTIFIER=AMD64 Family 23 Model 96 Stepping 1, AuthenticAMD



---------------  S Y S T E M  ---------------

OS:
 Windows 10 , 64 bit Build 19041 (10.0.19041.1806)
OS uptime: 0 days 8:39 hours

CPU: total 8 (initial active 8) (8 cores per cpu, 2 threads per core) family 23 model 96 stepping 1 microcode 0x0, cmov, cx8, fxsr, mmx, sse, sse2, sse3, ssse3, sse4.1, sse4.2, popcnt, vzeroupper, avx, avx2, aes, clmul, 3dnowpref, lzcnt, sse4a, ht, tsc, tscinvbit, tscinv, bmi1, bmi2, adx, sha, fma, clflush, clflushopt

Memory: 4k page, system-wide physical 15779M (2250M free)
TotalPageFile size 64931M (AvailPageFile size 2M)
current process WorkingSet (physical memory assigned to process): 62M, peak: 62M
current process commit charge ("private bytes"): 344M, peak: 344M

vm_info: OpenJDK 64-Bit Server VM (15.0.2+7-27) for windows-amd64 JRE (15.0.2+7-27), built on Dec  7 2020 20:02:38 by "mach5one" with unknown MS VC++:1925

END.
