#
# There is insufficient memory for the Java Runtime Environment to continue.
# Native memory allocation (mmap) failed to map 260046848 bytes for G1 virtual space
# Possible reasons:
#   The system is out of physical RAM or swap space
#   The process is running with CompressedOops enabled, and the Java Heap may be blocking the growth of the native heap
# Possible solutions:
#   Reduce memory load on the system
#   Increase physical memory or swap space
#   Check if swap backing store is full
#   Decrease Java heap size (-Xmx/-Xms)
#   Decrease number of Java threads
#   Decrease Java thread stack sizes (-Xss)
#   Set larger code cache with -XX:ReservedCodeCacheSize=
#   JVM is running with Zero Based Compressed Oops mode in which the Java heap is
#     placed in the first 32GB address space. The Java Heap base address is the
#     maximum limit for the native heap growth. Please use -XX:HeapBaseMinAddress
#     to set the Java Heap base and to place the Java Heap above 32GB virtual address.
# This output file may be truncated or incomplete.
#
#  Out of Memory Error (./open/src/hotspot/os/windows/os_windows.cpp:3321), pid=30632, tid=32940
#
# JRE version:  (15.0.2+7) (build )
# Java VM: OpenJDK 64-Bit Server VM (15.0.2+7-27, mixed mode, sharing, tiered, compressed oops, g1 gc, windows-amd64)
# No core dump will be written. Minidumps are not enabled by default on client versions of Windows
#

---------------  S U M M A R Y ------------

Command Line: -Dfile.encoding=Cp1252 -XX:+ShowCodeDetailsInExceptionMessages codigo.Main

Host: AMD Ryzen 3 PRO 4350G with Radeon Graphics, 8 cores, 15G,  Windows 10 , 64 bit Build 19041 (10.0.19041.1466)
Time: Tue Jan 25 00:30:01 2022 Hora estándar de Argentina elapsed time: 0.060193 seconds (0d 0h 0m 0s)

---------------  T H R E A D  ---------------

Current thread (0x0000024405164310):  JavaThread "Unknown thread" [_thread_in_vm, id=32940, stack(0x0000006b31100000,0x0000006b31200000)]

Stack: [0x0000006b31100000,0x0000006b31200000]
Native frames: (J=compiled Java code, j=interpreted, Vv=VM code, C=native code)
V  [jvm.dll+0x62ae9a]
V  [jvm.dll+0x7817a9]
V  [jvm.dll+0x782f03]
V  [jvm.dll+0x783563]
V  [jvm.dll+0x216325]
V  [jvm.dll+0x6281d9]
V  [jvm.dll+0x61cf55]
V  [jvm.dll+0x2cffdd]
V  [jvm.dll+0x2cfe42]
V  [jvm.dll+0x2d5e1c]
V  [jvm.dll+0x32590a]
V  [jvm.dll+0x324fd4]
V  [jvm.dll+0x2a6f5a]
V  [jvm.dll+0x2a80f8]
V  [jvm.dll+0x75e241]
V  [jvm.dll+0x3341c4]
V  [jvm.dll+0x73e926]
V  [jvm.dll+0x3b7557]
V  [jvm.dll+0x3b8fe1]
C  [jli.dll+0x52fb]
C  [ucrtbase.dll+0x21bb2]
C  [KERNEL32.DLL+0x17034]
C  [ntdll.dll+0x52651]


---------------  P R O C E S S  ---------------

Threads class SMR info:
_java_thread_list=0x00007ffa276f4ff0, length=0, elements={
}

Java Threads: ( => current thread )

Other Threads:
  0x00000244051b5a10 GCTaskThread "GC Thread#0" [stack: 0x0000006b31200000,0x0000006b31300000] [id=34012]
  0x00000244051c6b10 ConcurrentGCThread "G1 Main Marker" [stack: 0x0000006b31300000,0x0000006b31400000] [id=30804]
  0x00000244051c7780 ConcurrentGCThread "G1 Conc#0" [stack: 0x0000006b31400000,0x0000006b31500000] [id=34804]

[error occurred during error reporting (printing all threads), id 0xc0000005, EXCEPTION_ACCESS_VIOLATION (0xc0000005) at pc=0x00007ffa26ee7e27]

VM state: not at safepoint (not fully initialized)

VM Mutex/Monitor currently owned by a thread:  ([mutex/lock_event])
[0x000002440515fd50] Heap_lock - owner thread: 0x0000024405164310

Heap address: 0x0000000709600000, size: 3946 MB, Compressed Oops mode: Zero based, Oop shift amount: 3
CDS archive(s) mapped at: [0x0000000000000000-0x0000000000000000-0x0000000000000000), size 0, SharedBaseAddress: 0x0000000800000000, ArchiveRelocationMode: 0.
Narrow klass base: 0x0000000000000000, Narrow klass shift: 0, Narrow klass range: 0x0

Heap:
 garbage-first heap   total 253952K, used 0K [0x0000000709600000, 0x0000000800000000)
  region size 2048K, 0 young (0K), 0 survivors (0K)
 Metaspace       used 0K, capacity 0K, committed 0K, reserved 0K
  class space    used 0K, capacity 0K, committed 0K, reserved 0K

Heap Regions: E=young(eden), S=young(survivor), O=old, HS=humongous(starts), HC=humongous(continues), CS=collection set, F=free, OA=open archive, CA=closed archive, TAMS=top-at-mark-start (previous, next)

Card table byte_map: [0x0000024418670000,0x0000024418e30000] _byte_map_base: 0x0000024414e25000

Marking Bits (Prev, Next): (CMBitMap*) 0x00000244051b6280, (CMBitMap*) 0x00000244051b62c0
 Prev Bits: [0x00000244195f0000, 0x000002441d398000)
 Next Bits: [0x000002441d3a0000, 0x0000024421148000)

GC Heap History (0 events):
No events

Deoptimization events (0 events):
No events

Classes unloaded (0 events):
No events

Classes redefined (0 events):
No events

Internal exceptions (0 events):
No events

Events (1 events):
Event: 0.008 Loaded shared library C:\Users\Administrador\.p2\pool\plugins\org.eclipse.justj.openjdk.hotspot.jre.full.win32.x86_64_15.0.2.v20210201-0955\jre\bin\java.dll


Dynamic libraries:
0x00007ff648140000 - 0x00007ff64814d000 	C:\Users\Administrador\.p2\pool\plugins\org.eclipse.justj.openjdk.hotspot.jre.full.win32.x86_64_15.0.2.v20210201-0955\jre\bin\javaw.exe
0x00007ffa6e050000 - 0x00007ffa6e245000 	C:\Windows\SYSTEM32\ntdll.dll
0x00007ffa6c290000 - 0x00007ffa6c34e000 	C:\Windows\System32\KERNEL32.DLL
0x00007ffa6b8e0000 - 0x00007ffa6bba8000 	C:\Windows\System32\KERNELBASE.dll
0x00007ffa6bee0000 - 0x00007ffa6bfe0000 	C:\Windows\System32\ucrtbase.dll
0x00007ffa5da20000 - 0x00007ffa5da39000 	C:\Users\Administrador\.p2\pool\plugins\org.eclipse.justj.openjdk.hotspot.jre.full.win32.x86_64_15.0.2.v20210201-0955\jre\bin\VCRUNTIME140.dll
0x00007ffa5a870000 - 0x00007ffa5a888000 	C:\Users\Administrador\.p2\pool\plugins\org.eclipse.justj.openjdk.hotspot.jre.full.win32.x86_64_15.0.2.v20210201-0955\jre\bin\jli.dll
0x00007ffa589c0000 - 0x00007ffa58c5a000 	C:\Windows\WinSxS\amd64_microsoft.windows.common-controls_6595b64144ccf1df_6.0.19041.1110_none_60b5254171f9507e\COMCTL32.dll
0x00007ffa6d010000 - 0x00007ffa6d1b1000 	C:\Windows\System32\USER32.dll
0x00007ffa6d310000 - 0x00007ffa6d3ae000 	C:\Windows\System32\msvcrt.dll
0x00007ffa6bcf0000 - 0x00007ffa6bd12000 	C:\Windows\System32\win32u.dll
0x00007ffa6c630000 - 0x00007ffa6c65b000 	C:\Windows\System32\GDI32.dll
0x00007ffa6bbb0000 - 0x00007ffa6bcbd000 	C:\Windows\System32\gdi32full.dll
0x00007ffa6b760000 - 0x00007ffa6b7fd000 	C:\Windows\System32\msvcp_win.dll
0x00007ffa6c260000 - 0x00007ffa6c290000 	C:\Windows\System32\IMM32.DLL
0x00007ffa5dad0000 - 0x00007ffa5dadc000 	C:\Users\Administrador\.p2\pool\plugins\org.eclipse.justj.openjdk.hotspot.jre.full.win32.x86_64_15.0.2.v20210201-0955\jre\bin\vcruntime140_1.dll
0x00007ffa4ae10000 - 0x00007ffa4aea1000 	C:\Users\Administrador\.p2\pool\plugins\org.eclipse.justj.openjdk.hotspot.jre.full.win32.x86_64_15.0.2.v20210201-0955\jre\bin\msvcp140.dll
0x00007ffa26c30000 - 0x00007ffa2778e000 	C:\Users\Administrador\.p2\pool\plugins\org.eclipse.justj.openjdk.hotspot.jre.full.win32.x86_64_15.0.2.v20210201-0955\jre\bin\server\jvm.dll
0x00007ffa6ddb0000 - 0x00007ffa6de5e000 	C:\Windows\System32\ADVAPI32.dll
0x00007ffa6c090000 - 0x00007ffa6c12c000 	C:\Windows\System32\sechost.dll
0x00007ffa6c500000 - 0x00007ffa6c625000 	C:\Windows\System32\RPCRT4.dll
0x00007ffa6c350000 - 0x00007ffa6c358000 	C:\Windows\System32\PSAPI.DLL
0x00007ffa641e0000 - 0x00007ffa641ea000 	C:\Windows\SYSTEM32\VERSION.dll
0x00007ffa5ce50000 - 0x00007ffa5ce59000 	C:\Windows\SYSTEM32\WSOCK32.dll
0x00007ffa63700000 - 0x00007ffa63727000 	C:\Windows\SYSTEM32\WINMM.dll
0x00007ffa6d1c0000 - 0x00007ffa6d22b000 	C:\Windows\System32\WS2_32.dll
0x00007ffa69670000 - 0x00007ffa69682000 	C:\Windows\SYSTEM32\kernel.appcore.dll
0x00007ffa5ce40000 - 0x00007ffa5ce4a000 	C:\Users\Administrador\.p2\pool\plugins\org.eclipse.justj.openjdk.hotspot.jre.full.win32.x86_64_15.0.2.v20210201-0955\jre\bin\jimage.dll
0x00007ffa61020000 - 0x00007ffa61204000 	C:\Windows\SYSTEM32\DBGHELP.DLL
0x00007ffa60ff0000 - 0x00007ffa6101c000 	C:\Windows\SYSTEM32\dbgcore.DLL
0x00007ffa6b800000 - 0x00007ffa6b882000 	C:\Windows\System32\bcryptPrimitives.dll
0x00007ffa52700000 - 0x00007ffa52725000 	C:\Users\Administrador\.p2\pool\plugins\org.eclipse.justj.openjdk.hotspot.jre.full.win32.x86_64_15.0.2.v20210201-0955\jre\bin\java.dll

dbghelp: loaded successfully - version: 4.0.5 - missing functions: none
symbol engine: initialized successfully - sym options: 0x614 - pdb path: .;C:\Users\Administrador\.p2\pool\plugins\org.eclipse.justj.openjdk.hotspot.jre.full.win32.x86_64_15.0.2.v20210201-0955\jre\bin;C:\Windows\SYSTEM32;C:\Windows\WinSxS\amd64_microsoft.windows.common-controls_6595b64144ccf1df_6.0.19041.1110_none_60b5254171f9507e;C:\Users\Administrador\.p2\pool\plugins\org.eclipse.justj.openjdk.hotspot.jre.full.win32.x86_64_15.0.2.v20210201-0955\jre\bin\server

VM Arguments:
jvm_args: -Dfile.encoding=Cp1252 -XX:+ShowCodeDetailsInExceptionMessages 
java_command: codigo.Main
java_class_path (initial): C:\Users\Administrador\Desktop\TpFinal 2021\bin;C:\Users\Administrador\.p2\pool\plugins\org.junit.jupiter.api_5.7.1.v20210222-1948.jar;C:\Users\Administrador\.p2\pool\plugins\org.junit.jupiter.engine_5.7.1.v20210222-1948.jar;C:\Users\Administrador\.p2\pool\plugins\org.junit.jupiter.migrationsupport_5.7.1.v20210222-1948.jar;C:\Users\Administrador\.p2\pool\plugins\org.junit.jupiter.params_5.7.1.v20210222-1948.jar;C:\Users\Administrador\.p2\pool\plugins\org.junit.platform.commons_1.7.1.v20210222-1948.jar;C:\Users\Administrador\.p2\pool\plugins\org.junit.platform.engine_1.7.1.v20210222-1948.jar;C:\Users\Administrador\.p2\pool\plugins\org.junit.platform.launcher_1.7.1.v20210222-1948.jar;C:\Users\Administrador\.p2\pool\plugins\org.junit.platform.runner_1.7.1.v20210222-1948.jar;C:\Users\Administrador\.p2\pool\plugins\org.junit.platform.suite.api_1.7.1.v20210222-1948.jar;C:\Users\Administrador\.p2\pool\plugins\org.junit.vintage.engine_5.7.1.v20210222-1948.jar;C:\Users\Administrador\.p2\pool\plugins\org.opentest4j_1.2.0.v20190826-0900.jar;C:\Users\Administrador\.p2\pool\plugins\org.apiguardian_1.1.0.v20190826-0900.jar;C:\Users\Administrador\.p2\pool\plugins\org.junit_4.13.0.v20200204-1500.jar;C:\Users\Administrador\.p2\pool\plugins\org.hamcrest.core_1.3.0.v20180420-1519.jar
Launcher Type: SUN_STANDARD

[Global flags]
     intx CICompilerCount                          = 4                                         {product} {ergonomic}
     uint ConcGCThreads                            = 2                                         {product} {ergonomic}
     uint G1ConcRefinementThreads                  = 8                                         {product} {ergonomic}
   size_t G1HeapRegionSize                         = 2097152                                   {product} {ergonomic}
    uintx GCDrainStackTargetSize                   = 64                                        {product} {ergonomic}
   size_t InitialHeapSize                          = 260046848                                 {product} {ergonomic}
   size_t MarkStackSize                            = 4194304                                   {product} {ergonomic}
   size_t MaxHeapSize                              = 4137680896                                {product} {ergonomic}
   size_t MinHeapDeltaBytes                        = 2097152                                   {product} {ergonomic}
   size_t MinHeapSize                              = 8388608                                   {product} {ergonomic}
    uintx NonNMethodCodeHeapSize                   = 5839372                                {pd product} {ergonomic}
    uintx NonProfiledCodeHeapSize                  = 122909434                              {pd product} {ergonomic}
    uintx ProfiledCodeHeapSize                     = 122909434                              {pd product} {ergonomic}
    uintx ReservedCodeCacheSize                    = 251658240                              {pd product} {ergonomic}
     bool SegmentedCodeCache                       = true                                      {product} {ergonomic}
     bool ShowCodeDetailsInExceptionMessages       = true                                   {manageable} {command line}
   size_t SoftMaxHeapSize                          = 4137680896                             {manageable} {ergonomic}
     bool UseCompressedClassPointers               = true                                 {lp64_product} {ergonomic}
     bool UseCompressedOops                        = true                                 {lp64_product} {ergonomic}
     bool UseG1GC                                  = true                                      {product} {ergonomic}
     bool UseLargePagesIndividualAllocation        = false                                  {pd product} {ergonomic}

Logging:
Log output configuration:
 #0: stdout all=warning uptime,level,tags
 #1: stderr all=off uptime,level,tags

Environment Variables:
JAVA_HOME=C:\Program Files\Java\jdk-11.0.12
PATH=C:/Program Files/Java/jdk-11.0.12/bin/server;C:/Program Files/Java/jdk-11.0.12/bin;C:\Program Files\Common Files\Oracle\Java\javapath;C:\Program Files (x86)\VMware\VMware Workstation\bin\;C:\Program Files (x86)\Common Files\Oracle\Java\javapath;C:\Python39\Scripts\;C:\Python39\;C:\Windows\system32;C:\Windows;C:\Windows\System32\Wbem;C:\Windows\System32\WindowsPowerShell\v1.0\;C:\Windows\System32\OpenSSH\;C:\Program Files\nodejs\;C:\ProgramData\chocolatey\bin;C:\Program Files\Git\cmd;C:\Program Files\apache-maven-3.8.1\bin;C:\Program Files\Java\jdk-11.0.12\bin;C:\Program Files\Java\jdk-16.0.1\bin;C:\Program Files\dotnet\;C:\Program Files\Microsoft SQL Server\130\Tools\Binn\;C:\Users\Administrador\AppData\Local\Programs\Python\Python38\Scripts\;C:\Users\Administrador\AppData\Local\Programs\Python\Python38\;C:\Users\Administrador\AppData\Local\Microsoft\WindowsApps;C:\Users\Administrador\AppData\Local\Programs\Microsoft VS Code\bin;C:\Users\Administrador\AppData\Roaming\npm;C:\Users\Administrador\.dotnet\tools;;C:\Windows\system32;
USERNAME=Administrador
OS=Windows_NT
PROCESSOR_IDENTIFIER=AMD64 Family 23 Model 96 Stepping 1, AuthenticAMD



---------------  S Y S T E M  ---------------

OS:
 Windows 10 , 64 bit Build 19041 (10.0.19041.1466)
OS uptime: 0 days 4:43 hours

CPU: total 8 (initial active 8) (8 cores per cpu, 2 threads per core) family 23 model 96 stepping 1 microcode 0x0, cmov, cx8, fxsr, mmx, sse, sse2, sse3, ssse3, sse4.1, sse4.2, popcnt, vzeroupper, avx, avx2, aes, clmul, 3dnowpref, lzcnt, sse4a, ht, tsc, tscinvbit, tscinv, bmi1, bmi2, adx, sha, fma, clflush, clflushopt

Memory: 4k page, system-wide physical 15779M (3974M free)
TotalPageFile size 64898M (AvailPageFile size 113M)
current process WorkingSet (physical memory assigned to process): 10M, peak: 10M
current process commit charge ("private bytes"): 60M, peak: 308M

vm_info: OpenJDK 64-Bit Server VM (15.0.2+7-27) for windows-amd64 JRE (15.0.2+7-27), built on Dec  7 2020 20:02:38 by "mach5one" with unknown MS VC++:1925

END.
