#
# There is insufficient memory for the Java Runtime Environment to continue.
# Native memory allocation (mmap) failed to map 260046848 bytes for G1 virtual space
# Possible reasons:
#   The system is out of physical RAM or swap space
#   The process is running with CompressedOops enabled, and the Java Heap may be blocking the growth of the native heap
# Possible solutions:
#   Reduce memory load on the system
#   Increase physical memory or swap space
#   Check if swap backing store is full
#   Decrease Java heap size (-Xmx/-Xms)
#   Decrease number of Java threads
#   Decrease Java thread stack sizes (-Xss)
#   Set larger code cache with -XX:ReservedCodeCacheSize=
#   JVM is running with Zero Based Compressed Oops mode in which the Java heap is
#     placed in the first 32GB address space. The Java Heap base address is the
#     maximum limit for the native heap growth. Please use -XX:HeapBaseMinAddress
#     to set the Java Heap base and to place the Java Heap above 32GB virtual address.
# This output file may be truncated or incomplete.
#
#  Out of Memory Error (./open/src/hotspot/os/windows/os_windows.cpp:3321), pid=7752, tid=17592
#
# JRE version:  (15.0.2+7) (build )
# Java VM: OpenJDK 64-Bit Server VM (15.0.2+7-27, mixed mode, sharing, tiered, compressed oops, g1 gc, windows-amd64)
# No core dump will be written. Minidumps are not enabled by default on client versions of Windows
#

---------------  S U M M A R Y ------------

Command Line: -XX:+ShowCodeDetailsInExceptionMessages -agentlib:jdwp=transport=dt_socket,suspend=y,address=localhost:64626 -javaagent:C:\Users\Administrador\eclipse\java-2021-06\eclipse\configuration\org.eclipse.osgi\222\0\.cp\lib\javaagent-shaded.jar -Dfile.encoding=Cp1252 codigo.Main

Host: AMD Ryzen 3 PRO 4350G with Radeon Graphics, 8 cores, 15G,  Windows 10 , 64 bit Build 19041 (10.0.19041.1806)
Time: Mon Aug  8 18:36:50 2022 Hora estándar de Argentina elapsed time: 0.017268 seconds (0d 0h 0m 0s)

---------------  T H R E A D  ---------------

Current thread (0x0000013a794a1bd0):  JavaThread "Unknown thread" [_thread_in_vm, id=17592, stack(0x000000150c500000,0x000000150c600000)]

Stack: [0x000000150c500000,0x000000150c600000]
Native frames: (J=compiled Java code, j=interpreted, Vv=VM code, C=native code)
V  [jvm.dll+0x62ae9a]
V  [jvm.dll+0x7817a9]
V  [jvm.dll+0x782f03]
V  [jvm.dll+0x783563]
V  [jvm.dll+0x216325]
V  [jvm.dll+0x6281d9]
V  [jvm.dll+0x61cf55]
V  [jvm.dll+0x2cffdd]
V  [jvm.dll+0x2cfe42]
V  [jvm.dll+0x2d5e1c]
V  [jvm.dll+0x32590a]
V  [jvm.dll+0x324fd4]
V  [jvm.dll+0x2a6f5a]
V  [jvm.dll+0x2a80f8]
V  [jvm.dll+0x75e241]
V  [jvm.dll+0x3341c4]
V  [jvm.dll+0x73e926]
V  [jvm.dll+0x3b7557]
V  [jvm.dll+0x3b8fe1]
C  [jli.dll+0x52fb]
C  [ucrtbase.dll+0x21bb2]
C  [KERNEL32.DLL+0x17034]
C  [ntdll.dll+0x52651]


---------------  P R O C E S S  ---------------

Threads class SMR info:
_java_thread_list=0x00007fff95b34ff0, length=0, elements={
}

Java Threads: ( => current thread )

Other Threads:
  0x0000013a794f43a0 GCTaskThread "GC Thread#0" [stack: 0x000000150c600000,0x000000150c700000] [id=31656]
  0x0000013a79505320 ConcurrentGCThread "G1 Main Marker" [stack: 0x000000150c700000,0x000000150c800000] [id=33648]
  0x0000013a79505f10 ConcurrentGCThread "G1 Conc#0" [stack: 0x000000150c800000,0x000000150c900000] [id=31480]

[error occurred during error reporting (printing all threads), id 0xc0000005, EXCEPTION_ACCESS_VIOLATION (0xc0000005) at pc=0x00007fff95327e27]

VM state: not at safepoint (not fully initialized)

VM Mutex/Monitor currently owned by a thread:  ([mutex/lock_event])
[0x0000013a7949e6f0] Heap_lock - owner thread: 0x0000013a794a1bd0

Heap address: 0x0000000709600000, size: 3946 MB, Compressed Oops mode: Zero based, Oop shift amount: 3
CDS archive(s) mapped at: [0x0000000000000000-0x0000000000000000-0x0000000000000000), size 0, SharedBaseAddress: 0x0000000800000000, ArchiveRelocationMode: 0.
Narrow klass base: 0x0000000000000000, Narrow klass shift: 0, Narrow klass range: 0x0

Heap:
 garbage-first heap   total 253952K, used 0K [0x0000000709600000, 0x0000000800000000)
  region size 2048K, 0 young (0K), 0 survivors (0K)
 Metaspace       used 0K, capacity 0K, committed 0K, reserved 0K
  class space    used 0K, capacity 0K, committed 0K, reserved 0K

Heap Regions: E=young(eden), S=young(survivor), O=old, HS=humongous(starts), HC=humongous(continues), CS=collection set, F=free, OA=open archive, CA=closed archive, TAMS=top-at-mark-start (previous, next)

Card table byte_map: [0x0000013a7d9b0000,0x0000013a7e170000] _byte_map_base: 0x0000013a7a165000

Marking Bits (Prev, Next): (CMBitMap*) 0x0000013a794f4b90, (CMBitMap*) 0x0000013a794f4bd0
 Prev Bits: [0x0000013a0f000000, 0x0000013a12da8000)
 Next Bits: [0x0000013a12db0000, 0x0000013a16b58000)

GC Heap History (0 events):
No events

Deoptimization events (0 events):
No events

Classes unloaded (0 events):
No events

Classes redefined (0 events):
No events

Internal exceptions (0 events):
No events

Events (1 events):
Event: 0.013 Loaded shared library C:\Users\Administrador\.p2\pool\plugins\org.eclipse.justj.openjdk.hotspot.jre.full.win32.x86_64_15.0.2.v20210201-0955\jre\bin\java.dll


Dynamic libraries:
0x00007ff6211d0000 - 0x00007ff6211dd000 	C:\Users\Administrador\.p2\pool\plugins\org.eclipse.justj.openjdk.hotspot.jre.full.win32.x86_64_15.0.2.v20210201-0955\jre\bin\javaw.exe
0x00007fffb8050000 - 0x00007fffb8248000 	C:\Windows\SYSTEM32\ntdll.dll
0x00007fffb6500000 - 0x00007fffb65bd000 	C:\Windows\System32\KERNEL32.DLL
0x00007fffb5960000 - 0x00007fffb5c2e000 	C:\Windows\System32\KERNELBASE.dll
0x00007fffb5f60000 - 0x00007fffb6060000 	C:\Windows\System32\ucrtbase.dll
0x00007fffb12f0000 - 0x00007fffb1308000 	C:\Users\Administrador\.p2\pool\plugins\org.eclipse.justj.openjdk.hotspot.jre.full.win32.x86_64_15.0.2.v20210201-0955\jre\bin\jli.dll
0x00007fffb6e60000 - 0x00007fffb7000000 	C:\Windows\System32\USER32.dll
0x00007fffb5930000 - 0x00007fffb5952000 	C:\Windows\System32\win32u.dll
0x00007fffb6220000 - 0x00007fffb624a000 	C:\Windows\System32\GDI32.dll
0x00007fffb5820000 - 0x00007fffb592b000 	C:\Windows\System32\gdi32full.dll
0x00007fffb5e20000 - 0x00007fffb5ebd000 	C:\Windows\System32\msvcp_win.dll
0x00007fffa7010000 - 0x00007fffa7029000 	C:\Users\Administrador\.p2\pool\plugins\org.eclipse.justj.openjdk.hotspot.jre.full.win32.x86_64_15.0.2.v20210201-0955\jre\bin\VCRUNTIME140.dll
0x00007fffa8e80000 - 0x00007fffa911a000 	C:\Windows\WinSxS\amd64_microsoft.windows.common-controls_6595b64144ccf1df_6.0.19041.1110_none_60b5254171f9507e\COMCTL32.dll
0x00007fffb7d80000 - 0x00007fffb7e1e000 	C:\Windows\System32\msvcrt.dll
0x00007fffb60d0000 - 0x00007fffb6100000 	C:\Windows\System32\IMM32.DLL
0x00007fffb0a50000 - 0x00007fffb0a5c000 	C:\Users\Administrador\.p2\pool\plugins\org.eclipse.justj.openjdk.hotspot.jre.full.win32.x86_64_15.0.2.v20210201-0955\jre\bin\vcruntime140_1.dll
0x00007fff99aa0000 - 0x00007fff99b31000 	C:\Users\Administrador\.p2\pool\plugins\org.eclipse.justj.openjdk.hotspot.jre.full.win32.x86_64_15.0.2.v20210201-0955\jre\bin\msvcp140.dll
0x00007fff95070000 - 0x00007fff95bce000 	C:\Users\Administrador\.p2\pool\plugins\org.eclipse.justj.openjdk.hotspot.jre.full.win32.x86_64_15.0.2.v20210201-0955\jre\bin\server\jvm.dll
0x00007fffb6c20000 - 0x00007fffb6cce000 	C:\Windows\System32\ADVAPI32.dll
0x00007fffb6100000 - 0x00007fffb619c000 	C:\Windows\System32\sechost.dll
0x00007fffb7e80000 - 0x00007fffb7fa5000 	C:\Windows\System32\RPCRT4.dll
0x00007fffb7470000 - 0x00007fffb7478000 	C:\Windows\System32\PSAPI.DLL
0x00007fffad5a0000 - 0x00007fffad5c7000 	C:\Windows\SYSTEM32\WINMM.dll
0x00007fffad5d0000 - 0x00007fffad5da000 	C:\Windows\SYSTEM32\VERSION.dll
0x00007fff997b0000 - 0x00007fff997b9000 	C:\Windows\SYSTEM32\WSOCK32.dll
0x00007fffb6b00000 - 0x00007fffb6b6b000 	C:\Windows\System32\WS2_32.dll
0x00007fffb3690000 - 0x00007fffb36a2000 	C:\Windows\SYSTEM32\kernel.appcore.dll
0x00007fffa7000000 - 0x00007fffa700a000 	C:\Users\Administrador\.p2\pool\plugins\org.eclipse.justj.openjdk.hotspot.jre.full.win32.x86_64_15.0.2.v20210201-0955\jre\bin\jimage.dll
0x00007fffae310000 - 0x00007fffae4f4000 	C:\Windows\SYSTEM32\DBGHELP.DLL
0x00007fffae2e0000 - 0x00007fffae30c000 	C:\Windows\SYSTEM32\dbgcore.DLL
0x00007fffb5d90000 - 0x00007fffb5e12000 	C:\Windows\System32\bcryptPrimitives.dll
0x00007fffa6fc0000 - 0x00007fffa6ff9000 	C:\Users\Administrador\.p2\pool\plugins\org.eclipse.justj.openjdk.hotspot.jre.full.win32.x86_64_15.0.2.v20210201-0955\jre\bin\jdwp.dll
0x00007fff99a90000 - 0x00007fff99a9e000 	C:\Users\Administrador\.p2\pool\plugins\org.eclipse.justj.openjdk.hotspot.jre.full.win32.x86_64_15.0.2.v20210201-0955\jre\bin\instrument.dll
0x00007fff973d0000 - 0x00007fff973f5000 	C:\Users\Administrador\.p2\pool\plugins\org.eclipse.justj.openjdk.hotspot.jre.full.win32.x86_64_15.0.2.v20210201-0955\jre\bin\java.dll

dbghelp: loaded successfully - version: 4.0.5 - missing functions: none
symbol engine: initialized successfully - sym options: 0x614 - pdb path: .;C:\Users\Administrador\.p2\pool\plugins\org.eclipse.justj.openjdk.hotspot.jre.full.win32.x86_64_15.0.2.v20210201-0955\jre\bin;C:\Windows\SYSTEM32;C:\Windows\WinSxS\amd64_microsoft.windows.common-controls_6595b64144ccf1df_6.0.19041.1110_none_60b5254171f9507e;C:\Users\Administrador\.p2\pool\plugins\org.eclipse.justj.openjdk.hotspot.jre.full.win32.x86_64_15.0.2.v20210201-0955\jre\bin\server

VM Arguments:
jvm_args: -XX:+ShowCodeDetailsInExceptionMessages -agentlib:jdwp=transport=dt_socket,suspend=y,address=localhost:64626 -javaagent:C:\Users\Administrador\eclipse\java-2021-06\eclipse\configuration\org.eclipse.osgi\222\0\.cp\lib\javaagent-shaded.jar -Dfile.encoding=Cp1252 
java_command: codigo.Main
java_class_path (initial): C:\Users\Administrador\eclipse-workspace\Programacion-Concurrente\bin;C:\Users\Administrador\.p2\pool\plugins\org.junit.jupiter.api_5.7.1.v20210222-1948.jar;C:\Users\Administrador\.p2\pool\plugins\org.junit.jupiter.engine_5.7.1.v20210222-1948.jar;C:\Users\Administrador\.p2\pool\plugins\org.junit.jupiter.migrationsupport_5.7.1.v20210222-1948.jar;C:\Users\Administrador\.p2\pool\plugins\org.junit.jupiter.params_5.7.1.v20210222-1948.jar;C:\Users\Administrador\.p2\pool\plugins\org.junit.platform.commons_1.7.1.v20210222-1948.jar;C:\Users\Administrador\.p2\pool\plugins\org.junit.platform.engine_1.7.1.v20210222-1948.jar;C:\Users\Administrador\.p2\pool\plugins\org.junit.platform.launcher_1.7.1.v20210222-1948.jar;C:\Users\Administrador\.p2\pool\plugins\org.junit.platform.runner_1.7.1.v20210222-1948.jar;C:\Users\Administrador\.p2\pool\plugins\org.junit.platform.suite.api_1.7.1.v20210222-1948.jar;C:\Users\Administrador\.p2\pool\plugins\org.junit.vintage.engine_5.7.1.v20210222-1948.jar;C:\Users\Administrador\.p2\pool\plugins\org.opentest4j_1.2.0.v20190826-0900.jar;C:\Users\Administrador\.p2\pool\plugins\org.apiguardian_1.1.0.v20190826-0900.jar;C:\Users\Administrador\.p2\pool\plugins\org.junit_4.13.0.v20200204-1500.jar;C:\Users\Administrador\.p2\pool\plugins\org.hamcrest.core_1.3.0.v20180420-1519.jar
Launcher Type: SUN_STANDARD

[Global flags]
     intx CICompilerCount                          = 4                                         {product} {ergonomic}
     uint ConcGCThreads                            = 2                                         {product} {ergonomic}
     uint G1ConcRefinementThreads                  = 8                                         {product} {ergonomic}
   size_t G1HeapRegionSize                         = 2097152                                   {product} {ergonomic}
    uintx GCDrainStackTargetSize                   = 64                                        {product} {ergonomic}
   size_t InitialHeapSize                          = 260046848                                 {product} {ergonomic}
   size_t MarkStackSize                            = 4194304                                   {product} {ergonomic}
   size_t MaxHeapSize                              = 4137680896                                {product} {ergonomic}
   size_t MinHeapDeltaBytes                        = 2097152                                   {product} {ergonomic}
   size_t MinHeapSize                              = 8388608                                   {product} {ergonomic}
    uintx NonNMethodCodeHeapSize                   = 5839372                                {pd product} {ergonomic}
    uintx NonProfiledCodeHeapSize                  = 122909434                              {pd product} {ergonomic}
    uintx ProfiledCodeHeapSize                     = 122909434                              {pd product} {ergonomic}
    uintx ReservedCodeCacheSize                    = 251658240                              {pd product} {ergonomic}
     bool SegmentedCodeCache                       = true                                      {product} {ergonomic}
     bool ShowCodeDetailsInExceptionMessages       = true                                   {manageable} {command line}
   size_t SoftMaxHeapSize                          = 4137680896                             {manageable} {ergonomic}
     bool UseCompressedClassPointers               = true                                 {lp64_product} {ergonomic}
     bool UseCompressedOops                        = true                                 {lp64_product} {ergonomic}
     bool UseG1GC                                  = true                                      {product} {ergonomic}
     bool UseLargePagesIndividualAllocation        = false                                  {pd product} {ergonomic}

Logging:
Log output configuration:
 #0: stdout all=warning uptime,level,tags
 #1: stderr all=off uptime,level,tags

Environment Variables:
JAVA_HOME=C:\Program Files\Java\jdk-11.0.12
PATH=C:\Users\Administrador\.p2\pool\plugins\org.eclipse.justj.openjdk.hotspot.jre.full.win32.x86_64_15.0.2.v20210201-0955\jre\bin;C:/Program Files/Java/jdk-11.0.12/bin/server;C:/Program Files/Java/jdk-11.0.12/bin;C:\Program Files\Common Files\Oracle\Java\javapath;C:\Program Files (x86)\Common Files\Oracle\Java\javapath;C:\Python39\Scripts\;C:\Python39\;C:\Windows\system32;C:\Windows;C:\Windows\System32\Wbem;C:\Windows\System32\WindowsPowerShell\v1.0\;C:\Windows\System32\OpenSSH\;C:\Program Files\nodejs\;C:\ProgramData\chocolatey\bin;C:\Program Files\Git\cmd;C:\Program Files\apache-maven-3.8.1\bin;C:\Program Files\Java\jdk-11.0.12\bin;C:\Program Files\Java\jdk-16.0.1\bin;C:\Program Files\dotnet\;C:\Program Files\Microsoft SQL Server\130\Tools\Binn\;C:\Users\Administrador\AppData\Local\Programs\Python\Python38\Scripts\;C:\Users\Administrador\AppData\Local\Programs\Python\Python38\;C:\Users\Administrador\AppData\Local\Microsoft\WindowsApps;C:\Users\Administrador\AppData\Local\Programs\Microsoft VS Code\bin;C:\Users\Administrador\AppData\Roaming\npm;C:\Users\Administrador\.dotnet\tools;;C:\Program Files\JetBrains\IntelliJ IDEA Community Edition 2022.1\bin;;C:\Windows\system32;
USERNAME=Administrador
OS=Windows_NT
PROCESSOR_IDENTIFIER=AMD64 Family 23 Model 96 Stepping 1, AuthenticAMD



---------------  S Y S T E M  ---------------

OS:
 Windows 10 , 64 bit Build 19041 (10.0.19041.1806)
OS uptime: 0 days 9:09 hours

CPU: total 8 (initial active 8) (8 cores per cpu, 2 threads per core) family 23 model 96 stepping 1 microcode 0x0, cmov, cx8, fxsr, mmx, sse, sse2, sse3, ssse3, sse4.1, sse4.2, popcnt, vzeroupper, avx, avx2, aes, clmul, 3dnowpref, lzcnt, sse4a, ht, tsc, tscinvbit, tscinv, bmi1, bmi2, adx, sha, fma, clflush, clflushopt

Memory: 4k page, system-wide physical 15779M (3530M free)
TotalPageFile size 64931M (AvailPageFile size 123M)
current process WorkingSet (physical memory assigned to process): 10M, peak: 10M
current process commit charge ("private bytes"): 60M, peak: 308M

vm_info: OpenJDK 64-Bit Server VM (15.0.2+7-27) for windows-amd64 JRE (15.0.2+7-27), built on Dec  7 2020 20:02:38 by "mach5one" with unknown MS VC++:1925

END.
